<?xml version="1.0" encoding="UTF-8"?>
<testsuite xmlns:xsi="http://www.w3.org/2001/XMLSchema-instance" xsi:noNamespaceSchemaLocation="https://maven.apache.org/surefire/maven-surefire-plugin/xsd/surefire-test-report-3.0.xsd" version="3.0" name="io.quarkus.workshop.superheroes.fight.FightResourceTest" time="38.97" tests="7" errors="0" skipped="0" failures="0">
  <properties>
    <property name="java.specification.version" value="17"/>
    <property name="sun.cpu.isalist" value="amd64"/>
    <property name="test.url" value="http://localhost:8081"/>
    <property name="sun.jnu.encoding" value="Cp1252"/>
    <property name="java.class.path" value="C:\Users\benav\quarkus\quarkus-super-heroes\rest-fights\target\test-classes;C:\Users\benav\quarkus\quarkus-super-heroes\rest-fights\target\classes;C:\Users\benav\.m2\repository\io\quarkus\quarkus-hibernate-orm-panache\3.0.3.Final\quarkus-hibernate-orm-panache-3.0.3.Final.jar;C:\Users\benav\.m2\repository\io\quarkus\quarkus-hibernate-orm-panache-common\3.0.3.Final\quarkus-hibernate-orm-panache-common-3.0.3.Final.jar;C:\Users\benav\.m2\repository\io\quarkus\quarkus-panache-hibernate-common\3.0.3.Final\quarkus-panache-hibernate-common-3.0.3.Final.jar;C:\Users\benav\.m2\repository\io\quarkus\quarkus-panache-common\3.0.3.Final\quarkus-panache-common-3.0.3.Final.jar;C:\Users\benav\.m2\repository\io\quarkus\quarkus-hibernate-validator\3.0.3.Final\quarkus-hibernate-validator-3.0.3.Final.jar;C:\Users\benav\.m2\repository\io\quarkus\quarkus-core\3.0.3.Final\quarkus-core-3.0.3.Final.jar;C:\Users\benav\.m2\repository\jakarta\inject\jakarta.inject-api\2.0.1\jakarta.inject-api-2.0.1.jar;C:\Users\benav\.m2\repository\io\smallrye\common\smallrye-common-os\2.1.0\smallrye-common-os-2.1.0.jar;C:\Users\benav\.m2\repository\io\quarkus\quarkus-ide-launcher\3.0.3.Final\quarkus-ide-launcher-3.0.3.Final.jar;C:\Users\benav\.m2\repository\io\quarkus\quarkus-development-mode-spi\3.0.3.Final\quarkus-development-mode-spi-3.0.3.Final.jar;C:\Users\benav\.m2\repository\io\smallrye\config\smallrye-config\3.2.1\smallrye-config-3.2.1.jar;C:\Users\benav\.m2\repository\io\smallrye\config\smallrye-config-core\3.2.1\smallrye-config-core-3.2.1.jar;C:\Users\benav\.m2\repository\io\smallrye\common\smallrye-common-expression\2.1.0\smallrye-common-expression-2.1.0.jar;C:\Users\benav\.m2\repository\io\smallrye\common\smallrye-common-function\2.1.0\smallrye-common-function-2.1.0.jar;C:\Users\benav\.m2\repository\io\smallrye\common\smallrye-common-classloader\2.1.0\smallrye-common-classloader-2.1.0.jar;C:\Users\benav\.m2\repository\io\smallrye\config\smallrye-config-common\3.2.1\smallrye-config-common-3.2.1.jar;C:\Users\benav\.m2\repository\org\jboss\logging\jboss-logging\3.5.0.Final\jboss-logging-3.5.0.Final.jar;C:\Users\benav\.m2\repository\org\jboss\logmanager\jboss-logmanager-embedded\1.1.1\jboss-logmanager-embedded-1.1.1.jar;C:\Users\benav\.m2\repository\org\jboss\logging\jboss-logging-annotations\2.2.1.Final\jboss-logging-annotations-2.2.1.Final.jar;C:\Users\benav\.m2\repository\org\jboss\threads\jboss-threads\3.5.0.Final\jboss-threads-3.5.0.Final.jar;C:\Users\benav\.m2\repository\org\slf4j\slf4j-api\2.0.6\slf4j-api-2.0.6.jar;C:\Users\benav\.m2\repository\org\jboss\slf4j\slf4j-jboss-logmanager\2.0.0.Final\slf4j-jboss-logmanager-2.0.0.Final.jar;C:\Users\benav\.m2\repository\org\graalvm\sdk\graal-sdk\22.3.0\graal-sdk-22.3.0.jar;C:\Users\benav\.m2\repository\org\wildfly\common\wildfly-common\1.5.4.Final-format-001\wildfly-common-1.5.4.Final-format-001.jar;C:\Users\benav\.m2\repository\io\quarkus\quarkus-bootstrap-runner\3.0.3.Final\quarkus-bootstrap-runner-3.0.3.Final.jar;C:\Users\benav\.m2\repository\io\quarkus\quarkus-fs-util\0.0.9\quarkus-fs-util-0.0.9.jar;C:\Users\benav\.m2\repository\org\hibernate\validator\hibernate-validator\8.0.0.Final\hibernate-validator-8.0.0.Final.jar;C:\Users\benav\.m2\repository\jakarta\validation\jakarta.validation-api\3.0.2\jakarta.validation-api-3.0.2.jar;C:\Users\benav\.m2\repository\com\fasterxml\classmate\1.5.1\classmate-1.5.1.jar;C:\Users\benav\.m2\repository\org\glassfish\expressly\expressly\5.0.0\expressly-5.0.0.jar;C:\Users\benav\.m2\repository\jakarta\el\jakarta.el-api\5.0.1\jakarta.el-api-5.0.1.jar;C:\Users\benav\.m2\repository\io\smallrye\config\smallrye-config-validator\3.2.1\smallrye-config-validator-3.2.1.jar;C:\Users\benav\.m2\repository\io\quarkus\quarkus-smallrye-openapi\3.0.3.Final\quarkus-smallrye-openapi-3.0.3.Final.jar;C:\Users\benav\.m2\repository\io\smallrye\smallrye-open-api-core\3.3.4\smallrye-open-api-core-3.3.4.jar;C:\Users\benav\.m2\repository\org\eclipse\microprofile\openapi\microprofile-openapi-api\3.1\microprofile-openapi-api-3.1.jar;C:\Users\benav\.m2\repository\org\eclipse\microprofile\config\microprofile-config-api\3.0.3\microprofile-config-api-3.0.3.jar;C:\Users\benav\.m2\repository\com\fasterxml\jackson\core\jackson-core\2.14.2\jackson-core-2.14.2.jar;C:\Users\benav\.m2\repository\com\fasterxml\jackson\core\jackson-databind\2.14.2\jackson-databind-2.14.2.jar;C:\Users\benav\.m2\repository\com\fasterxml\jackson\core\jackson-annotations\2.14.2\jackson-annotations-2.14.2.jar;C:\Users\benav\.m2\repository\com\fasterxml\jackson\dataformat\jackson-dataformat-yaml\2.14.2\jackson-dataformat-yaml-2.14.2.jar;C:\Users\benav\.m2\repository\org\yaml\snakeyaml\2.0\snakeyaml-2.0.jar;C:\Users\benav\.m2\repository\io\smallrye\jandex\3.0.5\jandex-3.0.5.jar;C:\Users\benav\.m2\repository\io\quarkus\quarkus-vertx-http\3.0.3.Final\quarkus-vertx-http-3.0.3.Final.jar;C:\Users\benav\.m2\repository\io\quarkus\quarkus-security-runtime-spi\3.0.3.Final\quarkus-security-runtime-spi-3.0.3.Final.jar;C:\Users\benav\.m2\repository\io\quarkus\quarkus-credentials\3.0.3.Final\quarkus-credentials-3.0.3.Final.jar;C:\Users\benav\.m2\repository\io\smallrye\common\smallrye-common-vertx-context\2.1.0\smallrye-common-vertx-context-2.1.0.jar;C:\Users\benav\.m2\repository\io\vertx\vertx-core\4.4.1\vertx-core-4.4.1.jar;C:\Users\benav\.m2\repository\io\netty\netty-common\4.1.90.Final\netty-common-4.1.90.Final.jar;C:\Users\benav\.m2\repository\io\netty\netty-buffer\4.1.90.Final\netty-buffer-4.1.90.Final.jar;C:\Users\benav\.m2\repository\io\netty\netty-transport\4.1.90.Final\netty-transport-4.1.90.Final.jar;C:\Users\benav\.m2\repository\io\netty\netty-handler\4.1.90.Final\netty-handler-4.1.90.Final.jar;C:\Users\benav\.m2\repository\io\netty\netty-transport-native-unix-common\4.1.90.Final\netty-transport-native-unix-common-4.1.90.Final.jar;C:\Users\benav\.m2\repository\io\netty\netty-handler-proxy\4.1.90.Final\netty-handler-proxy-4.1.90.Final.jar;C:\Users\benav\.m2\repository\io\netty\netty-codec-socks\4.1.90.Final\netty-codec-socks-4.1.90.Final.jar;C:\Users\benav\.m2\repository\io\netty\netty-codec-http\4.1.90.Final\netty-codec-http-4.1.90.Final.jar;C:\Users\benav\.m2\repository\io\netty\netty-codec-http2\4.1.90.Final\netty-codec-http2-4.1.90.Final.jar;C:\Users\benav\.m2\repository\io\netty\netty-resolver\4.1.90.Final\netty-resolver-4.1.90.Final.jar;C:\Users\benav\.m2\repository\io\netty\netty-resolver-dns\4.1.90.Final\netty-resolver-dns-4.1.90.Final.jar;C:\Users\benav\.m2\repository\io\netty\netty-codec-dns\4.1.90.Final\netty-codec-dns-4.1.90.Final.jar;C:\Users\benav\.m2\repository\io\smallrye\common\smallrye-common-constraint\2.1.0\smallrye-common-constraint-2.1.0.jar;C:\Users\benav\.m2\repository\io\quarkus\quarkus-vertx-http-dev-console-runtime-spi\3.0.3.Final\quarkus-vertx-http-dev-console-runtime-spi-3.0.3.Final.jar;C:\Users\benav\.m2\repository\io\quarkus\security\quarkus-security\2.0.2.Final\quarkus-security-2.0.2.Final.jar;C:\Users\benav\.m2\repository\io\quarkus\quarkus-vertx\3.0.3.Final\quarkus-vertx-3.0.3.Final.jar;C:\Users\benav\.m2\repository\io\quarkus\quarkus-netty\3.0.3.Final\quarkus-netty-3.0.3.Final.jar;C:\Users\benav\.m2\repository\io\netty\netty-codec\4.1.90.Final\netty-codec-4.1.90.Final.jar;C:\Users\benav\.m2\repository\com\aayushatharva\brotli4j\brotli4j\1.11.0\brotli4j-1.11.0.jar;C:\Users\benav\.m2\repository\com\aayushatharva\brotli4j\service\1.11.0\service-1.11.0.jar;C:\Users\benav\.m2\repository\com\aayushatharva\brotli4j\native-windows-x86_64\1.11.0\native-windows-x86_64-1.11.0.jar;C:\Users\benav\.m2\repository\io\netty\netty-codec-haproxy\4.1.90.Final\netty-codec-haproxy-4.1.90.Final.jar;C:\Users\benav\.m2\repository\io\quarkus\quarkus-vertx-latebound-mdc-provider\3.0.3.Final\quarkus-vertx-latebound-mdc-provider-3.0.3.Final.jar;C:\Users\benav\.m2\repository\io\smallrye\smallrye-fault-tolerance-vertx\6.2.2\smallrye-fault-tolerance-vertx-6.2.2.jar;C:\Users\benav\.m2\repository\io\smallrye\reactive\smallrye-mutiny-vertx-web\3.3.0\smallrye-mutiny-vertx-web-3.3.0.jar;C:\Users\benav\.m2\repository\io\smallrye\reactive\smallrye-mutiny-vertx-web-common\3.3.0\smallrye-mutiny-vertx-web-common-3.3.0.jar;C:\Users\benav\.m2\repository\io\smallrye\reactive\smallrye-mutiny-vertx-auth-common\3.3.0\smallrye-mutiny-vertx-auth-common-3.3.0.jar;C:\Users\benav\.m2\repository\io\smallrye\reactive\smallrye-mutiny-vertx-bridge-common\3.3.0\smallrye-mutiny-vertx-bridge-common-3.3.0.jar;C:\Users\benav\.m2\repository\io\smallrye\reactive\smallrye-mutiny-vertx-uri-template\3.3.0\smallrye-mutiny-vertx-uri-template-3.3.0.jar;C:\Users\benav\.m2\repository\io\vertx\vertx-uri-template\4.4.1\vertx-uri-template-4.4.1.jar;C:\Users\benav\.m2\repository\io\vertx\vertx-web\4.4.1\vertx-web-4.4.1.jar;C:\Users\benav\.m2\repository\io\vertx\vertx-web-common\4.4.1\vertx-web-common-4.4.1.jar;C:\Users\benav\.m2\repository\io\vertx\vertx-auth-common\4.4.1\vertx-auth-common-4.4.1.jar;C:\Users\benav\.m2\repository\io\vertx\vertx-bridge-common\4.4.1\vertx-bridge-common-4.4.1.jar;C:\Users\benav\.m2\repository\io\github\crac\org-crac\0.1.3\org-crac-0.1.3.jar;C:\Users\benav\.m2\repository\io\quarkus\quarkus-swagger-ui\3.0.3.Final\quarkus-swagger-ui-3.0.3.Final.jar;C:\Users\benav\.m2\repository\io\quarkus\quarkus-smallrye-reactive-messaging-kafka\3.0.3.Final\quarkus-smallrye-reactive-messaging-kafka-3.0.3.Final.jar;C:\Users\benav\.m2\repository\io\quarkus\quarkus-kafka-client\3.0.3.Final\quarkus-kafka-client-3.0.3.Final.jar;C:\Users\benav\.m2\repository\io\smallrye\reactive\smallrye-reactive-messaging-kafka\4.4.0\smallrye-reactive-messaging-kafka-4.4.0.jar;C:\Users\benav\.m2\repository\io\smallrye\reactive\smallrye-reactive-messaging-kafka-api\4.4.0\smallrye-reactive-messaging-kafka-api-4.4.0.jar;C:\Users\benav\.m2\repository\io\smallrye\reactive\smallrye-reactive-messaging-otel\4.4.0\smallrye-reactive-messaging-otel-4.4.0.jar;C:\Users\benav\.m2\repository\io\opentelemetry\opentelemetry-api\1.23.1\opentelemetry-api-1.23.1.jar;C:\Users\benav\.m2\repository\io\opentelemetry\opentelemetry-context\1.23.1\opentelemetry-context-1.23.1.jar;C:\Users\benav\.m2\repository\io\opentelemetry\opentelemetry-semconv\1.23.0-alpha\opentelemetry-semconv-1.23.0-alpha.jar;C:\Users\benav\.m2\repository\io\opentelemetry\instrumentation\opentelemetry-instrumentation-api\1.23.0\opentelemetry-instrumentation-api-1.23.0.jar;C:\Users\benav\.m2\repository\io\opentelemetry\instrumentation\opentelemetry-instrumentation-api-semconv\1.23.0-alpha\opentelemetry-instrumentation-api-semconv-1.23.0-alpha.jar;C:\Users\benav\.m2\repository\io\smallrye\reactive\smallrye-reactive-converter-api\3.0.0\smallrye-reactive-converter-api-3.0.0.jar;C:\Users\benav\.m2\repository\org\reactivestreams\reactive-streams\1.0.4\reactive-streams-1.0.4.jar;C:\Users\benav\.m2\repository\io\smallrye\reactive\mutiny\2.1.0\mutiny-2.1.0.jar;C:\Users\benav\.m2\repository\io\smallrye\reactive\mutiny-zero\1.0.0\mutiny-zero-1.0.0.jar;C:\Users\benav\.m2\repository\io\smallrye\reactive\mutiny-zero-flow-adapters\1.0.0\mutiny-zero-flow-adapters-1.0.0.jar;C:\Users\benav\.m2\repository\io\quarkus\quarkus-jackson\3.0.3.Final\quarkus-jackson-3.0.3.Final.jar;C:\Users\benav\.m2\repository\com\fasterxml\jackson\datatype\jackson-datatype-jsr310\2.14.2\jackson-datatype-jsr310-2.14.2.jar;C:\Users\benav\.m2\repository\com\fasterxml\jackson\datatype\jackson-datatype-jdk8\2.14.2\jackson-datatype-jdk8-2.14.2.jar;C:\Users\benav\.m2\repository\com\fasterxml\jackson\module\jackson-module-parameter-names\2.14.2\jackson-module-parameter-names-2.14.2.jar;C:\Users\benav\.m2\repository\org\apache\kafka\kafka-clients\3.4.0\kafka-clients-3.4.0.jar;C:\Users\benav\.m2\repository\com\github\luben\zstd-jni\1.5.2-1\zstd-jni-1.5.2-1.jar;C:\Users\benav\.m2\repository\org\lz4\lz4-java\1.8.0\lz4-java-1.8.0.jar;C:\Users\benav\.m2\repository\org\xerial\snappy\snappy-java\1.1.8.4\snappy-java-1.1.8.4.jar;C:\Users\benav\.m2\repository\io\quarkus\quarkus-smallrye-reactive-messaging\3.0.3.Final\quarkus-smallrye-reactive-messaging-3.0.3.Final.jar;C:\Users\benav\.m2\repository\io\quarkus\quarkus-mutiny-reactive-streams-operators\3.0.3.Final\quarkus-mutiny-reactive-streams-operators-3.0.3.Final.jar;C:\Users\benav\.m2\repository\org\eclipse\microprofile\reactive-streams-operators\microprofile-reactive-streams-operators-api\3.0\microprofile-reactive-streams-operators-api-3.0.jar;C:\Users\benav\.m2\repository\org\eclipse\microprofile\reactive-streams-operators\microprofile-reactive-streams-operators-core\3.0\microprofile-reactive-streams-operators-core-3.0.jar;C:\Users\benav\.m2\repository\io\smallrye\reactive\mutiny-reactive-streams-operators\2.1.0\mutiny-reactive-streams-operators-2.1.0.jar;C:\Users\benav\.m2\repository\io\quarkus\quarkus-smallrye-reactive-messaging-kotlin\3.0.3.Final\quarkus-smallrye-reactive-messaging-kotlin-3.0.3.Final.jar;C:\Users\benav\.m2\repository\io\smallrye\common\smallrye-common-annotation\2.1.0\smallrye-common-annotation-2.1.0.jar;C:\Users\benav\.m2\repository\io\smallrye\reactive\smallrye-reactive-messaging-health\4.4.0\smallrye-reactive-messaging-health-4.4.0.jar;C:\Users\benav\.m2\repository\org\eclipse\microprofile\health\microprofile-health-api\4.0.1\microprofile-health-api-4.0.1.jar;C:\Users\benav\.m2\repository\io\smallrye\reactive\smallrye-reactive-messaging-provider\4.4.0\smallrye-reactive-messaging-provider-4.4.0.jar;C:\Users\benav\.m2\repository\io\smallrye\reactive\smallrye-reactive-messaging-api\4.4.0\smallrye-reactive-messaging-api-4.4.0.jar;C:\Users\benav\.m2\repository\io\smallrye\reactive\smallrye-mutiny-vertx-core\3.3.0\smallrye-mutiny-vertx-core-3.3.0.jar;C:\Users\benav\.m2\repository\io\smallrye\reactive\smallrye-mutiny-vertx-runtime\3.3.0\smallrye-mutiny-vertx-runtime-3.3.0.jar;C:\Users\benav\.m2\repository\io\smallrye\reactive\vertx-mutiny-generator\3.3.0\vertx-mutiny-generator-3.3.0.jar;C:\Users\benav\.m2\repository\io\vertx\vertx-codegen\4.4.1\vertx-codegen-4.4.1.jar;C:\Users\benav\.m2\repository\jakarta\annotation\jakarta.annotation-api\2.1.1\jakarta.annotation-api-2.1.1.jar;C:\Users\benav\.m2\repository\io\quarkus\quarkus-resteasy-reactive-jackson\3.0.3.Final\quarkus-resteasy-reactive-jackson-3.0.3.Final.jar;C:\Users\benav\.m2\repository\io\quarkus\quarkus-resteasy-reactive-jackson-common\3.0.3.Final\quarkus-resteasy-reactive-jackson-common-3.0.3.Final.jar;C:\Users\benav\.m2\repository\io\quarkus\quarkus-jdbc-postgresql\3.0.3.Final\quarkus-jdbc-postgresql-3.0.3.Final.jar;C:\Users\benav\.m2\repository\org\postgresql\postgresql\42.6.0\postgresql-42.6.0.jar;C:\Users\benav\.m2\repository\io\quarkus\quarkus-arc\3.0.3.Final\quarkus-arc-3.0.3.Final.jar;C:\Users\benav\.m2\repository\io\quarkus\arc\arc\3.0.3.Final\arc-3.0.3.Final.jar;C:\Users\benav\.m2\repository\org\eclipse\microprofile\context-propagation\microprofile-context-propagation-api\1.3\microprofile-context-propagation-api-1.3.jar;C:\Users\benav\.m2\repository\io\quarkus\quarkus-hibernate-orm\3.0.3.Final\quarkus-hibernate-orm-3.0.3.Final.jar;C:\Users\benav\.m2\repository\io\quarkus\quarkus-agroal\3.0.3.Final\quarkus-agroal-3.0.3.Final.jar;C:\Users\benav\.m2\repository\io\quarkus\quarkus-datasource\3.0.3.Final\quarkus-datasource-3.0.3.Final.jar;C:\Users\benav\.m2\repository\io\quarkus\quarkus-datasource-common\3.0.3.Final\quarkus-datasource-common-3.0.3.Final.jar;C:\Users\benav\.m2\repository\io\agroal\agroal-api\2.1\agroal-api-2.1.jar;C:\Users\benav\.m2\repository\io\agroal\agroal-narayana\2.1\agroal-narayana-2.1.jar;C:\Users\benav\.m2\repository\org\jboss\jboss-transaction-spi\8.0.0.Final\jboss-transaction-spi-8.0.0.Final.jar;C:\Users\benav\.m2\repository\io\agroal\agroal-pool\2.1\agroal-pool-2.1.jar;C:\Users\benav\.m2\repository\io\quarkus\quarkus-narayana-jta\3.0.3.Final\quarkus-narayana-jta-3.0.3.Final.jar;C:\Users\benav\.m2\repository\io\quarkus\quarkus-transaction-annotations\3.0.3.Final\quarkus-transaction-annotations-3.0.3.Final.jar;C:\Users\benav\.m2\repository\io\smallrye\smallrye-context-propagation-jta\2.1.0\smallrye-context-propagation-jta-2.1.0.jar;C:\Users\benav\.m2\repository\io\smallrye\reactive\smallrye-reactive-converter-mutiny\3.0.0\smallrye-reactive-converter-mutiny-3.0.0.jar;C:\Users\benav\.m2\repository\org\jboss\narayana\jta\narayana-jta\6.0.1.Final\narayana-jta-6.0.1.Final.jar;C:\Users\benav\.m2\repository\jakarta\resource\jakarta.resource-api\2.0.0\jakarta.resource-api-2.0.0.jar;C:\Users\benav\.m2\repository\org\jboss\invocation\jboss-invocation\2.0.0.Final\jboss-invocation-2.0.0.Final.jar;C:\Users\benav\.m2\repository\jakarta\ejb\jakarta.ejb-api\4.0.1\jakarta.ejb-api-4.0.1.jar;C:\Users\benav\.m2\repository\org\jboss\narayana\jts\narayana-jts-integration\6.0.1.Final\narayana-jts-integration-6.0.1.Final.jar;C:\Users\benav\.m2\repository\org\hibernate\orm\hibernate-core\6.2.1.Final\hibernate-core-6.2.1.Final.jar;C:\Users\benav\.m2\repository\org\antlr\antlr4-runtime\4.10.1\antlr4-runtime-4.10.1.jar;C:\Users\benav\.m2\repository\net\bytebuddy\byte-buddy\1.12.18\byte-buddy-1.12.18.jar;C:\Users\benav\.m2\repository\org\hibernate\common\hibernate-commons-annotations\6.0.6.Final\hibernate-commons-annotations-6.0.6.Final.jar;C:\Users\benav\.m2\repository\org\hibernate\orm\hibernate-graalvm\6.2.1.Final\hibernate-graalvm-6.2.1.Final.jar;C:\Users\benav\.m2\repository\org\glassfish\jaxb\jaxb-runtime\4.0.2\jaxb-runtime-4.0.2.jar;C:\Users\benav\.m2\repository\org\glassfish\jaxb\jaxb-core\4.0.2\jaxb-core-4.0.2.jar;C:\Users\benav\.m2\repository\org\eclipse\angus\angus-activation\2.0.0\angus-activation-2.0.0.jar;C:\Users\benav\.m2\repository\org\glassfish\jaxb\txw2\4.0.2\txw2-4.0.2.jar;C:\Users\benav\.m2\repository\com\sun\istack\istack-commons-runtime\4.1.1\istack-commons-runtime-4.1.1.jar;C:\Users\benav\.m2\repository\jakarta\xml\bind\jakarta.xml.bind-api\4.0.0\jakarta.xml.bind-api-4.0.0.jar;C:\Users\benav\.m2\repository\jakarta\activation\jakarta.activation-api\2.1.1\jakarta.activation-api-2.1.1.jar;C:\Users\benav\.m2\repository\jakarta\persistence\jakarta.persistence-api\3.1.0\jakarta.persistence-api-3.1.0.jar;C:\Users\benav\.m2\repository\jakarta\transaction\jakarta.transaction-api\2.0.1\jakarta.transaction-api-2.0.1.jar;C:\Users\benav\.m2\repository\org\hibernate\quarkus-local-cache\0.2.1\quarkus-local-cache-0.2.1.jar;C:\Users\benav\.m2\repository\io\quarkus\quarkus-caffeine\3.0.3.Final\quarkus-caffeine-3.0.3.Final.jar;C:\Users\benav\.m2\repository\com\github\ben-manes\caffeine\caffeine\3.1.5\caffeine-3.1.5.jar;C:\Users\benav\.m2\repository\com\google\errorprone\error_prone_annotations\2.18.0\error_prone_annotations-2.18.0.jar;C:\Users\benav\.m2\repository\io\quarkus\quarkus-resteasy-reactive\3.0.3.Final\quarkus-resteasy-reactive-3.0.3.Final.jar;C:\Users\benav\.m2\repository\io\quarkus\quarkus-resteasy-reactive-common\3.0.3.Final\quarkus-resteasy-reactive-common-3.0.3.Final.jar;C:\Users\benav\.m2\repository\io\quarkus\resteasy\reactive\resteasy-reactive-common\3.0.3.Final\resteasy-reactive-common-3.0.3.Final.jar;C:\Users\benav\.m2\repository\io\quarkus\resteasy\reactive\resteasy-reactive-common-types\3.0.3.Final\resteasy-reactive-common-types-3.0.3.Final.jar;C:\Users\benav\.m2\repository\io\quarkus\resteasy\reactive\resteasy-reactive-vertx\3.0.3.Final\resteasy-reactive-vertx-3.0.3.Final.jar;C:\Users\benav\.m2\repository\io\quarkus\resteasy\reactive\resteasy-reactive\3.0.3.Final\resteasy-reactive-3.0.3.Final.jar;C:\Users\benav\.m2\repository\io\quarkus\quarkus-jsonp\3.0.3.Final\quarkus-jsonp-3.0.3.Final.jar;C:\Users\benav\.m2\repository\org\eclipse\parsson\parsson\1.1.1\parsson-1.1.1.jar;C:\Users\benav\.m2\repository\jakarta\json\jakarta.json-api\2.1.1\jakarta.json-api-2.1.1.jar;C:\Users\benav\.m2\repository\io\quarkus\quarkus-rest-client-reactive-jackson\3.0.3.Final\quarkus-rest-client-reactive-jackson-3.0.3.Final.jar;C:\Users\benav\.m2\repository\io\quarkus\resteasy\reactive\resteasy-reactive-jackson\3.0.3.Final\resteasy-reactive-jackson-3.0.3.Final.jar;C:\Users\benav\.m2\repository\io\quarkus\quarkus-rest-client-reactive\3.0.3.Final\quarkus-rest-client-reactive-3.0.3.Final.jar;C:\Users\benav\.m2\repository\io\quarkus\quarkus-jaxrs-client-reactive\3.0.3.Final\quarkus-jaxrs-client-reactive-3.0.3.Final.jar;C:\Users\benav\.m2\repository\io\quarkus\resteasy\reactive\resteasy-reactive-client\3.0.3.Final\resteasy-reactive-client-3.0.3.Final.jar;C:\Users\benav\.m2\repository\io\vertx\vertx-web-client\4.4.1\vertx-web-client-4.4.1.jar;C:\Users\benav\.m2\repository\io\quarkus\quarkus-smallrye-stork\3.0.3.Final\quarkus-smallrye-stork-3.0.3.Final.jar;C:\Users\benav\.m2\repository\io\quarkus\quarkus-rest-client-config\3.0.3.Final\quarkus-rest-client-config-3.0.3.Final.jar;C:\Users\benav\.m2\repository\io\smallrye\stork\stork-api\2.2.0\stork-api-2.2.0.jar;C:\Users\benav\.m2\repository\io\smallrye\stork\stork-core\2.2.0\stork-core-2.2.0.jar;C:\Users\benav\.m2\repository\org\eclipse\microprofile\rest\client\microprofile-rest-client-api\3.0.1\microprofile-rest-client-api-3.0.1.jar;C:\Users\benav\.m2\repository\io\quarkus\quarkus-smallrye-fault-tolerance\3.0.3.Final\quarkus-smallrye-fault-tolerance-3.0.3.Final.jar;C:\Users\benav\.m2\repository\io\quarkus\quarkus-mutiny\3.0.3.Final\quarkus-mutiny-3.0.3.Final.jar;C:\Users\benav\.m2\repository\io\smallrye\reactive\mutiny-smallrye-context-propagation\2.1.0\mutiny-smallrye-context-propagation-2.1.0.jar;C:\Users\benav\.m2\repository\io\smallrye\smallrye-fault-tolerance\6.2.2\smallrye-fault-tolerance-6.2.2.jar;C:\Users\benav\.m2\repository\org\eclipse\microprofile\fault-tolerance\microprofile-fault-tolerance-api\4.0.2\microprofile-fault-tolerance-api-4.0.2.jar;C:\Users\benav\.m2\repository\io\smallrye\smallrye-fault-tolerance-api\6.2.2\smallrye-fault-tolerance-api-6.2.2.jar;C:\Users\benav\.m2\repository\io\smallrye\smallrye-fault-tolerance-core\6.2.2\smallrye-fault-tolerance-core-6.2.2.jar;C:\Users\benav\.m2\repository\io\smallrye\smallrye-fault-tolerance-autoconfig-core\6.2.2\smallrye-fault-tolerance-autoconfig-core-6.2.2.jar;C:\Users\benav\.m2\repository\jakarta\enterprise\jakarta.enterprise.cdi-api\4.0.1\jakarta.enterprise.cdi-api-4.0.1.jar;C:\Users\benav\.m2\repository\jakarta\enterprise\jakarta.enterprise.lang-model\4.0.1\jakarta.enterprise.lang-model-4.0.1.jar;C:\Users\benav\.m2\repository\jakarta\interceptor\jakarta.interceptor-api\2.1.0\jakarta.interceptor-api-2.1.0.jar;C:\Users\benav\.m2\repository\org\jboss\logging\commons-logging-jboss-logging\1.0.0.Final\commons-logging-jboss-logging-1.0.0.Final.jar;C:\Users\benav\.m2\repository\io\quarkus\quarkus-smallrye-context-propagation\3.0.3.Final\quarkus-smallrye-context-propagation-3.0.3.Final.jar;C:\Users\benav\.m2\repository\io\smallrye\smallrye-context-propagation\2.1.0\smallrye-context-propagation-2.1.0.jar;C:\Users\benav\.m2\repository\io\smallrye\smallrye-context-propagation-api\2.1.0\smallrye-context-propagation-api-2.1.0.jar;C:\Users\benav\.m2\repository\io\smallrye\smallrye-context-propagation-storage\2.1.0\smallrye-context-propagation-storage-2.1.0.jar;C:\Users\benav\.m2\repository\io\smallrye\smallrye-fault-tolerance-context-propagation\6.2.2\smallrye-fault-tolerance-context-propagation-6.2.2.jar;C:\Users\benav\.m2\repository\io\smallrye\smallrye-fault-tolerance-mutiny\6.2.2\smallrye-fault-tolerance-mutiny-6.2.2.jar;C:\Users\benav\.m2\repository\io\quarkus\quarkus-junit5\3.0.3.Final\quarkus-junit5-3.0.3.Final.jar;C:\Users\benav\.m2\repository\io\quarkus\quarkus-bootstrap-core\3.0.3.Final\quarkus-bootstrap-core-3.0.3.Final.jar;C:\Users\benav\.m2\repository\io\quarkus\quarkus-bootstrap-app-model\3.0.3.Final\quarkus-bootstrap-app-model-3.0.3.Final.jar;C:\Users\benav\.m2\repository\io\smallrye\common\smallrye-common-io\2.1.0\smallrye-common-io-2.1.0.jar;C:\Users\benav\.m2\repository\org\eclipse\sisu\org.eclipse.sisu.inject\0.3.5\org.eclipse.sisu.inject-0.3.5.jar;C:\Users\benav\.m2\repository\io\quarkus\quarkus-test-common\3.0.3.Final\quarkus-test-common-3.0.3.Final.jar;C:\Users\benav\.m2\repository\io\quarkus\quarkus-core-deployment\3.0.3.Final\quarkus-core-deployment-3.0.3.Final.jar;C:\Users\benav\.m2\repository\org\aesh\readline\2.4\readline-2.4.jar;C:\Users\benav\.m2\repository\org\fusesource\jansi\jansi\2.4.0\jansi-2.4.0.jar;C:\Users\benav\.m2\repository\org\aesh\aesh\2.7\aesh-2.7.jar;C:\Users\benav\.m2\repository\io\quarkus\gizmo\gizmo\1.6.1.Final\gizmo-1.6.1.Final.jar;C:\Users\benav\.m2\repository\org\ow2\asm\asm-util\9.5\asm-util-9.5.jar;C:\Users\benav\.m2\repository\org\ow2\asm\asm-analysis\9.5\asm-analysis-9.5.jar;C:\Users\benav\.m2\repository\org\ow2\asm\asm\9.5\asm-9.5.jar;C:\Users\benav\.m2\repository\org\ow2\asm\asm-commons\9.5\asm-commons-9.5.jar;C:\Users\benav\.m2\repository\org\ow2\asm\asm-tree\9.5\asm-tree-9.5.jar;C:\Users\benav\.m2\repository\io\quarkus\quarkus-class-change-agent\3.0.3.Final\quarkus-class-change-agent-3.0.3.Final.jar;C:\Users\benav\.m2\repository\io\quarkus\quarkus-devtools-utilities\3.0.3.Final\quarkus-devtools-utilities-3.0.3.Final.jar;C:\Users\benav\.m2\repository\io\quarkus\quarkus-builder\3.0.3.Final\quarkus-builder-3.0.3.Final.jar;C:\Users\benav\.m2\repository\org\junit\platform\junit-platform-launcher\1.9.2\junit-platform-launcher-1.9.2.jar;C:\Users\benav\.m2\repository\io\quarkus\quarkus-bootstrap-maven-resolver\3.0.3.Final\quarkus-bootstrap-maven-resolver-3.0.3.Final.jar;C:\Users\benav\.m2\repository\io\smallrye\beanbag\smallrye-beanbag-maven\1.1.0\smallrye-beanbag-maven-1.1.0.jar;C:\Users\benav\.m2\repository\io\smallrye\beanbag\smallrye-beanbag-sisu\1.1.0\smallrye-beanbag-sisu-1.1.0.jar;C:\Users\benav\.m2\repository\io\smallrye\beanbag\smallrye-beanbag\1.1.0\smallrye-beanbag-1.1.0.jar;C:\Users\benav\.m2\repository\javax\inject\javax.inject\1\javax.inject-1.jar;C:\Users\benav\.m2\repository\org\apache\maven\maven-artifact\3.9.1\maven-artifact-3.9.1.jar;C:\Users\benav\.m2\repository\org\apache\maven\maven-builder-support\3.9.1\maven-builder-support-3.9.1.jar;C:\Users\benav\.m2\repository\org\apache\maven\maven-model\3.9.1\maven-model-3.9.1.jar;C:\Users\benav\.m2\repository\org\apache\maven\maven-model-builder\3.9.1\maven-model-builder-3.9.1.jar;C:\Users\benav\.m2\repository\org\apache\maven\maven-repository-metadata\3.9.1\maven-repository-metadata-3.9.1.jar;C:\Users\benav\.m2\repository\org\apache\maven\maven-settings\3.9.1\maven-settings-3.9.1.jar;C:\Users\benav\.m2\repository\org\apache\maven\resolver\maven-resolver-api\1.9.7\maven-resolver-api-1.9.7.jar;C:\Users\benav\.m2\repository\org\apache\maven\resolver\maven-resolver-impl\1.9.7\maven-resolver-impl-1.9.7.jar;C:\Users\benav\.m2\repository\org\apache\maven\resolver\maven-resolver-named-locks\1.9.7\maven-resolver-named-locks-1.9.7.jar;C:\Users\benav\.m2\repository\org\apache\maven\resolver\maven-resolver-spi\1.9.7\maven-resolver-spi-1.9.7.jar;C:\Users\benav\.m2\repository\org\apache\maven\resolver\maven-resolver-util\1.9.7\maven-resolver-util-1.9.7.jar;C:\Users\benav\.m2\repository\org\apache\maven\wagon\wagon-provider-api\3.5.3\wagon-provider-api-3.5.3.jar;C:\Users\benav\.m2\repository\org\apache\maven\wagon\wagon-http-lightweight\3.5.3\wagon-http-lightweight-3.5.3.jar;C:\Users\benav\.m2\repository\org\apache\maven\wagon\wagon-http-shared\3.5.3\wagon-http-shared-3.5.3.jar;C:\Users\benav\.m2\repository\org\codehaus\plexus\plexus-interpolation\1.26\plexus-interpolation-1.26.jar;C:\Users\benav\.m2\repository\org\codehaus\plexus\plexus-utils\3.5.1\plexus-utils-3.5.1.jar;C:\Users\benav\.m2\repository\org\sonatype\plexus\plexus-cipher\1.7\plexus-cipher-1.7.jar;C:\Users\benav\.m2\repository\org\sonatype\plexus\plexus-sec-dispatcher\1.4\plexus-sec-dispatcher-1.4.jar;C:\Users\benav\.m2\repository\org\apache\maven\maven-embedder\3.9.1\maven-embedder-3.9.1.jar;C:\Users\benav\.m2\repository\org\apache\maven\maven-core\3.9.1\maven-core-3.9.1.jar;C:\Users\benav\.m2\repository\org\codehaus\plexus\plexus-component-annotations\2.1.0\plexus-component-annotations-2.1.0.jar;C:\Users\benav\.m2\repository\org\apache\maven\maven-plugin-api\3.9.1\maven-plugin-api-3.9.1.jar;C:\Users\benav\.m2\repository\org\apache\maven\shared\maven-shared-utils\3.3.4\maven-shared-utils-3.3.4.jar;C:\Users\benav\.m2\repository\com\google\inject\guice\5.1.0\guice-5.1.0.jar;C:\Users\benav\.m2\repository\aopalliance\aopalliance\1.0\aopalliance-1.0.jar;C:\Users\benav\.m2\repository\com\google\guava\guava\31.1-jre\guava-31.1-jre.jar;C:\Users\benav\.m2\repository\com\google\guava\failureaccess\1.0.1\failureaccess-1.0.1.jar;C:\Users\benav\.m2\repository\javax\annotation\javax.annotation-api\1.3.2\javax.annotation-api-1.3.2.jar;C:\Users\benav\.m2\repository\org\codehaus\plexus\plexus-classworlds\2.6.0\plexus-classworlds-2.6.0.jar;C:\Users\benav\.m2\repository\org\codehaus\plexus\plexus-sec-dispatcher\2.0\plexus-sec-dispatcher-2.0.jar;C:\Users\benav\.m2\repository\org\codehaus\plexus\plexus-cipher\2.0\plexus-cipher-2.0.jar;C:\Users\benav\.m2\repository\commons-cli\commons-cli\1.4\commons-cli-1.4.jar;C:\Users\benav\.m2\repository\org\eclipse\sisu\org.eclipse.sisu.plexus\0.3.5\org.eclipse.sisu.plexus-0.3.5.jar;C:\Users\benav\.m2\repository\org\apache\maven\maven-settings-builder\3.9.1\maven-settings-builder-3.9.1.jar;C:\Users\benav\.m2\repository\org\apache\maven\maven-resolver-provider\3.9.1\maven-resolver-provider-3.9.1.jar;C:\Users\benav\.m2\repository\org\apache\maven\resolver\maven-resolver-connector-basic\1.9.7\maven-resolver-connector-basic-1.9.7.jar;C:\Users\benav\.m2\repository\org\apache\maven\resolver\maven-resolver-transport-wagon\1.9.7\maven-resolver-transport-wagon-1.9.7.jar;C:\Users\benav\.m2\repository\org\apache\maven\wagon\wagon-http\3.5.3\wagon-http-3.5.3.jar;C:\Users\benav\.m2\repository\org\apache\maven\wagon\wagon-file\3.5.3\wagon-file-3.5.3.jar;C:\Users\benav\.m2\repository\io\quarkus\quarkus-bootstrap-gradle-resolver\3.0.3.Final\quarkus-bootstrap-gradle-resolver-3.0.3.Final.jar;C:\Users\benav\.m2\repository\commons-io\commons-io\2.11.0\commons-io-2.11.0.jar;C:\Users\benav\.m2\repository\io\quarkus\quarkus-junit5-properties\3.0.3.Final\quarkus-junit5-properties-3.0.3.Final.jar;C:\Users\benav\.m2\repository\org\junit\jupiter\junit-jupiter\5.9.2\junit-jupiter-5.9.2.jar;C:\Users\benav\.m2\repository\org\junit\jupiter\junit-jupiter-api\5.9.2\junit-jupiter-api-5.9.2.jar;C:\Users\benav\.m2\repository\org\opentest4j\opentest4j\1.2.0\opentest4j-1.2.0.jar;C:\Users\benav\.m2\repository\org\junit\platform\junit-platform-commons\1.9.2\junit-platform-commons-1.9.2.jar;C:\Users\benav\.m2\repository\org\apiguardian\apiguardian-api\1.1.2\apiguardian-api-1.1.2.jar;C:\Users\benav\.m2\repository\org\junit\jupiter\junit-jupiter-params\5.9.2\junit-jupiter-params-5.9.2.jar;C:\Users\benav\.m2\repository\org\junit\jupiter\junit-jupiter-engine\5.9.2\junit-jupiter-engine-5.9.2.jar;C:\Users\benav\.m2\repository\org\junit\platform\junit-platform-engine\1.9.2\junit-platform-engine-1.9.2.jar;C:\Users\benav\.m2\repository\com\thoughtworks\xstream\xstream\1.4.20\xstream-1.4.20.jar;C:\Users\benav\.m2\repository\io\github\x-stream\mxparser\1.2.2\mxparser-1.2.2.jar;C:\Users\benav\.m2\repository\xmlpull\xmlpull\1.1.3.1\xmlpull-1.1.3.1.jar;C:\Users\benav\.m2\repository\io\rest-assured\rest-assured\5.3.0\rest-assured-5.3.0.jar;C:\Users\benav\.m2\repository\org\apache\groovy\groovy\4.0.6\groovy-4.0.6.jar;C:\Users\benav\.m2\repository\org\apache\groovy\groovy-xml\4.0.6\groovy-xml-4.0.6.jar;C:\Users\benav\.m2\repository\org\apache\httpcomponents\httpclient\4.5.14\httpclient-4.5.14.jar;C:\Users\benav\.m2\repository\org\apache\httpcomponents\httpcore\4.4.16\httpcore-4.4.16.jar;C:\Users\benav\.m2\repository\commons-codec\commons-codec\1.15\commons-codec-1.15.jar;C:\Users\benav\.m2\repository\org\apache\httpcomponents\httpmime\4.5.14\httpmime-4.5.14.jar;C:\Users\benav\.m2\repository\org\hamcrest\hamcrest\2.1\hamcrest-2.1.jar;C:\Users\benav\.m2\repository\org\ccil\cowan\tagsoup\tagsoup\1.2.1\tagsoup-1.2.1.jar;C:\Users\benav\.m2\repository\io\rest-assured\json-path\5.3.0\json-path-5.3.0.jar;C:\Users\benav\.m2\repository\org\apache\groovy\groovy-json\4.0.6\groovy-json-4.0.6.jar;C:\Users\benav\.m2\repository\io\rest-assured\rest-assured-common\5.3.0\rest-assured-common-5.3.0.jar;C:\Users\benav\.m2\repository\io\rest-assured\xml-path\5.3.0\xml-path-5.3.0.jar;C:\Users\benav\.m2\repository\org\apache\commons\commons-lang3\3.12.0\commons-lang3-3.12.0.jar;C:\Users\benav\.m2\repository\jakarta\ws\rs\jakarta.ws.rs-api\3.1.0\jakarta.ws.rs-api-3.1.0.jar;C:\Users\benav\.m2\repository\io\quarkus\quarkus-junit5-mockito\3.0.3.Final\quarkus-junit5-mockito-3.0.3.Final.jar;C:\Users\benav\.m2\repository\io\quarkus\quarkus-junit5-mockito-config\3.0.3.Final\quarkus-junit5-mockito-config-3.0.3.Final.jar;C:\Users\benav\.m2\repository\org\mockito\mockito-core\5.2.0\mockito-core-5.2.0.jar;C:\Users\benav\.m2\repository\net\bytebuddy\byte-buddy-agent\1.14.1\byte-buddy-agent-1.14.1.jar;C:\Users\benav\.m2\repository\org\objenesis\objenesis\3.3\objenesis-3.3.jar;C:\Users\benav\.m2\repository\io\quarkus\quarkus-arc-deployment\3.0.3.Final\quarkus-arc-deployment-3.0.3.Final.jar;C:\Users\benav\.m2\repository\io\quarkus\quarkus-smallrye-context-propagation-spi\3.0.3.Final\quarkus-smallrye-context-propagation-spi-3.0.3.Final.jar;C:\Users\benav\.m2\repository\io\quarkus\quarkus-vertx-http-dev-console-spi\3.0.3.Final\quarkus-vertx-http-dev-console-spi-3.0.3.Final.jar;C:\Users\benav\.m2\repository\io\quarkus\quarkus-vertx-http-dev-ui-spi\3.0.3.Final\quarkus-vertx-http-dev-ui-spi-3.0.3.Final.jar;C:\Users\benav\.m2\repository\io\quarkus\arc\arc-processor\3.0.3.Final\arc-processor-3.0.3.Final.jar;C:\Users\benav\.m2\repository\org\mockito\mockito-subclass\5.2.0\mockito-subclass-5.2.0.jar;"/>
    <property name="java.vm.vendor" value="Oracle Corporation"/>
    <property name="sun.arch.data.model" value="64"/>
    <property name="user.variant" value=""/>
    <property name="java.vendor.url" value="https://java.oracle.com/"/>
    <property name="user.timezone" value="America/Bogota"/>
    <property name="logging.initial-configurator.min-level" value="500"/>
    <property name="os.name" value="Windows 11"/>
    <property name="java.vm.specification.version" value="17"/>
    <property name="sun.java.launcher" value="SUN_STANDARD"/>
    <property name="user.country" value="CO"/>
    <property name="mp.openapi.extensions.smallrye.defaultProduces" value="application/json"/>
    <property name="sun.boot.library.path" value="C:\Program Files\Java\jdk-17\bin"/>
    <property name="sun.java.command" value="C:\Users\benav\AppData\Local\Temp\surefire11068871150239470260\surefirebooter-20230611170310168_3.jar C:\Users\benav\AppData\Local\Temp\surefire11068871150239470260 2023-06-11T17-03-09_931-jvmRun1 surefire-20230611170310168_1tmp surefire_0-20230611170310168_2tmp"/>
    <property name="jdk.debug" value="release"/>
    <property name="maven.home" value="C:\Users\benav\.m2\wrapper\dists\apache-maven-3.8.6-bin\1ks0nkde5v1pk9vtc31i9d0lcd\apache-maven-3.8.6"/>
    <property name="surefire.test.class.path" value="C:\Users\benav\quarkus\quarkus-super-heroes\rest-fights\target\test-classes;C:\Users\benav\quarkus\quarkus-super-heroes\rest-fights\target\classes;C:\Users\benav\.m2\repository\io\quarkus\quarkus-hibernate-orm-panache\3.0.3.Final\quarkus-hibernate-orm-panache-3.0.3.Final.jar;C:\Users\benav\.m2\repository\io\quarkus\quarkus-hibernate-orm-panache-common\3.0.3.Final\quarkus-hibernate-orm-panache-common-3.0.3.Final.jar;C:\Users\benav\.m2\repository\io\quarkus\quarkus-panache-hibernate-common\3.0.3.Final\quarkus-panache-hibernate-common-3.0.3.Final.jar;C:\Users\benav\.m2\repository\io\quarkus\quarkus-panache-common\3.0.3.Final\quarkus-panache-common-3.0.3.Final.jar;C:\Users\benav\.m2\repository\io\quarkus\quarkus-hibernate-validator\3.0.3.Final\quarkus-hibernate-validator-3.0.3.Final.jar;C:\Users\benav\.m2\repository\io\quarkus\quarkus-core\3.0.3.Final\quarkus-core-3.0.3.Final.jar;C:\Users\benav\.m2\repository\jakarta\inject\jakarta.inject-api\2.0.1\jakarta.inject-api-2.0.1.jar;C:\Users\benav\.m2\repository\io\smallrye\common\smallrye-common-os\2.1.0\smallrye-common-os-2.1.0.jar;C:\Users\benav\.m2\repository\io\quarkus\quarkus-ide-launcher\3.0.3.Final\quarkus-ide-launcher-3.0.3.Final.jar;C:\Users\benav\.m2\repository\io\quarkus\quarkus-development-mode-spi\3.0.3.Final\quarkus-development-mode-spi-3.0.3.Final.jar;C:\Users\benav\.m2\repository\io\smallrye\config\smallrye-config\3.2.1\smallrye-config-3.2.1.jar;C:\Users\benav\.m2\repository\io\smallrye\config\smallrye-config-core\3.2.1\smallrye-config-core-3.2.1.jar;C:\Users\benav\.m2\repository\io\smallrye\common\smallrye-common-expression\2.1.0\smallrye-common-expression-2.1.0.jar;C:\Users\benav\.m2\repository\io\smallrye\common\smallrye-common-function\2.1.0\smallrye-common-function-2.1.0.jar;C:\Users\benav\.m2\repository\io\smallrye\common\smallrye-common-classloader\2.1.0\smallrye-common-classloader-2.1.0.jar;C:\Users\benav\.m2\repository\io\smallrye\config\smallrye-config-common\3.2.1\smallrye-config-common-3.2.1.jar;C:\Users\benav\.m2\repository\org\jboss\logging\jboss-logging\3.5.0.Final\jboss-logging-3.5.0.Final.jar;C:\Users\benav\.m2\repository\org\jboss\logmanager\jboss-logmanager-embedded\1.1.1\jboss-logmanager-embedded-1.1.1.jar;C:\Users\benav\.m2\repository\org\jboss\logging\jboss-logging-annotations\2.2.1.Final\jboss-logging-annotations-2.2.1.Final.jar;C:\Users\benav\.m2\repository\org\jboss\threads\jboss-threads\3.5.0.Final\jboss-threads-3.5.0.Final.jar;C:\Users\benav\.m2\repository\org\slf4j\slf4j-api\2.0.6\slf4j-api-2.0.6.jar;C:\Users\benav\.m2\repository\org\jboss\slf4j\slf4j-jboss-logmanager\2.0.0.Final\slf4j-jboss-logmanager-2.0.0.Final.jar;C:\Users\benav\.m2\repository\org\graalvm\sdk\graal-sdk\22.3.0\graal-sdk-22.3.0.jar;C:\Users\benav\.m2\repository\org\wildfly\common\wildfly-common\1.5.4.Final-format-001\wildfly-common-1.5.4.Final-format-001.jar;C:\Users\benav\.m2\repository\io\quarkus\quarkus-bootstrap-runner\3.0.3.Final\quarkus-bootstrap-runner-3.0.3.Final.jar;C:\Users\benav\.m2\repository\io\quarkus\quarkus-fs-util\0.0.9\quarkus-fs-util-0.0.9.jar;C:\Users\benav\.m2\repository\org\hibernate\validator\hibernate-validator\8.0.0.Final\hibernate-validator-8.0.0.Final.jar;C:\Users\benav\.m2\repository\jakarta\validation\jakarta.validation-api\3.0.2\jakarta.validation-api-3.0.2.jar;C:\Users\benav\.m2\repository\com\fasterxml\classmate\1.5.1\classmate-1.5.1.jar;C:\Users\benav\.m2\repository\org\glassfish\expressly\expressly\5.0.0\expressly-5.0.0.jar;C:\Users\benav\.m2\repository\jakarta\el\jakarta.el-api\5.0.1\jakarta.el-api-5.0.1.jar;C:\Users\benav\.m2\repository\io\smallrye\config\smallrye-config-validator\3.2.1\smallrye-config-validator-3.2.1.jar;C:\Users\benav\.m2\repository\io\quarkus\quarkus-smallrye-openapi\3.0.3.Final\quarkus-smallrye-openapi-3.0.3.Final.jar;C:\Users\benav\.m2\repository\io\smallrye\smallrye-open-api-core\3.3.4\smallrye-open-api-core-3.3.4.jar;C:\Users\benav\.m2\repository\org\eclipse\microprofile\openapi\microprofile-openapi-api\3.1\microprofile-openapi-api-3.1.jar;C:\Users\benav\.m2\repository\org\eclipse\microprofile\config\microprofile-config-api\3.0.3\microprofile-config-api-3.0.3.jar;C:\Users\benav\.m2\repository\com\fasterxml\jackson\core\jackson-core\2.14.2\jackson-core-2.14.2.jar;C:\Users\benav\.m2\repository\com\fasterxml\jackson\core\jackson-databind\2.14.2\jackson-databind-2.14.2.jar;C:\Users\benav\.m2\repository\com\fasterxml\jackson\core\jackson-annotations\2.14.2\jackson-annotations-2.14.2.jar;C:\Users\benav\.m2\repository\com\fasterxml\jackson\dataformat\jackson-dataformat-yaml\2.14.2\jackson-dataformat-yaml-2.14.2.jar;C:\Users\benav\.m2\repository\org\yaml\snakeyaml\2.0\snakeyaml-2.0.jar;C:\Users\benav\.m2\repository\io\smallrye\jandex\3.0.5\jandex-3.0.5.jar;C:\Users\benav\.m2\repository\io\quarkus\quarkus-vertx-http\3.0.3.Final\quarkus-vertx-http-3.0.3.Final.jar;C:\Users\benav\.m2\repository\io\quarkus\quarkus-security-runtime-spi\3.0.3.Final\quarkus-security-runtime-spi-3.0.3.Final.jar;C:\Users\benav\.m2\repository\io\quarkus\quarkus-credentials\3.0.3.Final\quarkus-credentials-3.0.3.Final.jar;C:\Users\benav\.m2\repository\io\smallrye\common\smallrye-common-vertx-context\2.1.0\smallrye-common-vertx-context-2.1.0.jar;C:\Users\benav\.m2\repository\io\vertx\vertx-core\4.4.1\vertx-core-4.4.1.jar;C:\Users\benav\.m2\repository\io\netty\netty-common\4.1.90.Final\netty-common-4.1.90.Final.jar;C:\Users\benav\.m2\repository\io\netty\netty-buffer\4.1.90.Final\netty-buffer-4.1.90.Final.jar;C:\Users\benav\.m2\repository\io\netty\netty-transport\4.1.90.Final\netty-transport-4.1.90.Final.jar;C:\Users\benav\.m2\repository\io\netty\netty-handler\4.1.90.Final\netty-handler-4.1.90.Final.jar;C:\Users\benav\.m2\repository\io\netty\netty-transport-native-unix-common\4.1.90.Final\netty-transport-native-unix-common-4.1.90.Final.jar;C:\Users\benav\.m2\repository\io\netty\netty-handler-proxy\4.1.90.Final\netty-handler-proxy-4.1.90.Final.jar;C:\Users\benav\.m2\repository\io\netty\netty-codec-socks\4.1.90.Final\netty-codec-socks-4.1.90.Final.jar;C:\Users\benav\.m2\repository\io\netty\netty-codec-http\4.1.90.Final\netty-codec-http-4.1.90.Final.jar;C:\Users\benav\.m2\repository\io\netty\netty-codec-http2\4.1.90.Final\netty-codec-http2-4.1.90.Final.jar;C:\Users\benav\.m2\repository\io\netty\netty-resolver\4.1.90.Final\netty-resolver-4.1.90.Final.jar;C:\Users\benav\.m2\repository\io\netty\netty-resolver-dns\4.1.90.Final\netty-resolver-dns-4.1.90.Final.jar;C:\Users\benav\.m2\repository\io\netty\netty-codec-dns\4.1.90.Final\netty-codec-dns-4.1.90.Final.jar;C:\Users\benav\.m2\repository\io\smallrye\common\smallrye-common-constraint\2.1.0\smallrye-common-constraint-2.1.0.jar;C:\Users\benav\.m2\repository\io\quarkus\quarkus-vertx-http-dev-console-runtime-spi\3.0.3.Final\quarkus-vertx-http-dev-console-runtime-spi-3.0.3.Final.jar;C:\Users\benav\.m2\repository\io\quarkus\security\quarkus-security\2.0.2.Final\quarkus-security-2.0.2.Final.jar;C:\Users\benav\.m2\repository\io\quarkus\quarkus-vertx\3.0.3.Final\quarkus-vertx-3.0.3.Final.jar;C:\Users\benav\.m2\repository\io\quarkus\quarkus-netty\3.0.3.Final\quarkus-netty-3.0.3.Final.jar;C:\Users\benav\.m2\repository\io\netty\netty-codec\4.1.90.Final\netty-codec-4.1.90.Final.jar;C:\Users\benav\.m2\repository\com\aayushatharva\brotli4j\brotli4j\1.11.0\brotli4j-1.11.0.jar;C:\Users\benav\.m2\repository\com\aayushatharva\brotli4j\service\1.11.0\service-1.11.0.jar;C:\Users\benav\.m2\repository\com\aayushatharva\brotli4j\native-windows-x86_64\1.11.0\native-windows-x86_64-1.11.0.jar;C:\Users\benav\.m2\repository\io\netty\netty-codec-haproxy\4.1.90.Final\netty-codec-haproxy-4.1.90.Final.jar;C:\Users\benav\.m2\repository\io\quarkus\quarkus-vertx-latebound-mdc-provider\3.0.3.Final\quarkus-vertx-latebound-mdc-provider-3.0.3.Final.jar;C:\Users\benav\.m2\repository\io\smallrye\smallrye-fault-tolerance-vertx\6.2.2\smallrye-fault-tolerance-vertx-6.2.2.jar;C:\Users\benav\.m2\repository\io\smallrye\reactive\smallrye-mutiny-vertx-web\3.3.0\smallrye-mutiny-vertx-web-3.3.0.jar;C:\Users\benav\.m2\repository\io\smallrye\reactive\smallrye-mutiny-vertx-web-common\3.3.0\smallrye-mutiny-vertx-web-common-3.3.0.jar;C:\Users\benav\.m2\repository\io\smallrye\reactive\smallrye-mutiny-vertx-auth-common\3.3.0\smallrye-mutiny-vertx-auth-common-3.3.0.jar;C:\Users\benav\.m2\repository\io\smallrye\reactive\smallrye-mutiny-vertx-bridge-common\3.3.0\smallrye-mutiny-vertx-bridge-common-3.3.0.jar;C:\Users\benav\.m2\repository\io\smallrye\reactive\smallrye-mutiny-vertx-uri-template\3.3.0\smallrye-mutiny-vertx-uri-template-3.3.0.jar;C:\Users\benav\.m2\repository\io\vertx\vertx-uri-template\4.4.1\vertx-uri-template-4.4.1.jar;C:\Users\benav\.m2\repository\io\vertx\vertx-web\4.4.1\vertx-web-4.4.1.jar;C:\Users\benav\.m2\repository\io\vertx\vertx-web-common\4.4.1\vertx-web-common-4.4.1.jar;C:\Users\benav\.m2\repository\io\vertx\vertx-auth-common\4.4.1\vertx-auth-common-4.4.1.jar;C:\Users\benav\.m2\repository\io\vertx\vertx-bridge-common\4.4.1\vertx-bridge-common-4.4.1.jar;C:\Users\benav\.m2\repository\io\github\crac\org-crac\0.1.3\org-crac-0.1.3.jar;C:\Users\benav\.m2\repository\io\quarkus\quarkus-swagger-ui\3.0.3.Final\quarkus-swagger-ui-3.0.3.Final.jar;C:\Users\benav\.m2\repository\io\quarkus\quarkus-smallrye-reactive-messaging-kafka\3.0.3.Final\quarkus-smallrye-reactive-messaging-kafka-3.0.3.Final.jar;C:\Users\benav\.m2\repository\io\quarkus\quarkus-kafka-client\3.0.3.Final\quarkus-kafka-client-3.0.3.Final.jar;C:\Users\benav\.m2\repository\io\smallrye\reactive\smallrye-reactive-messaging-kafka\4.4.0\smallrye-reactive-messaging-kafka-4.4.0.jar;C:\Users\benav\.m2\repository\io\smallrye\reactive\smallrye-reactive-messaging-kafka-api\4.4.0\smallrye-reactive-messaging-kafka-api-4.4.0.jar;C:\Users\benav\.m2\repository\io\smallrye\reactive\smallrye-reactive-messaging-otel\4.4.0\smallrye-reactive-messaging-otel-4.4.0.jar;C:\Users\benav\.m2\repository\io\opentelemetry\opentelemetry-api\1.23.1\opentelemetry-api-1.23.1.jar;C:\Users\benav\.m2\repository\io\opentelemetry\opentelemetry-context\1.23.1\opentelemetry-context-1.23.1.jar;C:\Users\benav\.m2\repository\io\opentelemetry\opentelemetry-semconv\1.23.0-alpha\opentelemetry-semconv-1.23.0-alpha.jar;C:\Users\benav\.m2\repository\io\opentelemetry\instrumentation\opentelemetry-instrumentation-api\1.23.0\opentelemetry-instrumentation-api-1.23.0.jar;C:\Users\benav\.m2\repository\io\opentelemetry\instrumentation\opentelemetry-instrumentation-api-semconv\1.23.0-alpha\opentelemetry-instrumentation-api-semconv-1.23.0-alpha.jar;C:\Users\benav\.m2\repository\io\smallrye\reactive\smallrye-reactive-converter-api\3.0.0\smallrye-reactive-converter-api-3.0.0.jar;C:\Users\benav\.m2\repository\org\reactivestreams\reactive-streams\1.0.4\reactive-streams-1.0.4.jar;C:\Users\benav\.m2\repository\io\smallrye\reactive\mutiny\2.1.0\mutiny-2.1.0.jar;C:\Users\benav\.m2\repository\io\smallrye\reactive\mutiny-zero\1.0.0\mutiny-zero-1.0.0.jar;C:\Users\benav\.m2\repository\io\smallrye\reactive\mutiny-zero-flow-adapters\1.0.0\mutiny-zero-flow-adapters-1.0.0.jar;C:\Users\benav\.m2\repository\io\quarkus\quarkus-jackson\3.0.3.Final\quarkus-jackson-3.0.3.Final.jar;C:\Users\benav\.m2\repository\com\fasterxml\jackson\datatype\jackson-datatype-jsr310\2.14.2\jackson-datatype-jsr310-2.14.2.jar;C:\Users\benav\.m2\repository\com\fasterxml\jackson\datatype\jackson-datatype-jdk8\2.14.2\jackson-datatype-jdk8-2.14.2.jar;C:\Users\benav\.m2\repository\com\fasterxml\jackson\module\jackson-module-parameter-names\2.14.2\jackson-module-parameter-names-2.14.2.jar;C:\Users\benav\.m2\repository\org\apache\kafka\kafka-clients\3.4.0\kafka-clients-3.4.0.jar;C:\Users\benav\.m2\repository\com\github\luben\zstd-jni\1.5.2-1\zstd-jni-1.5.2-1.jar;C:\Users\benav\.m2\repository\org\lz4\lz4-java\1.8.0\lz4-java-1.8.0.jar;C:\Users\benav\.m2\repository\org\xerial\snappy\snappy-java\1.1.8.4\snappy-java-1.1.8.4.jar;C:\Users\benav\.m2\repository\io\quarkus\quarkus-smallrye-reactive-messaging\3.0.3.Final\quarkus-smallrye-reactive-messaging-3.0.3.Final.jar;C:\Users\benav\.m2\repository\io\quarkus\quarkus-mutiny-reactive-streams-operators\3.0.3.Final\quarkus-mutiny-reactive-streams-operators-3.0.3.Final.jar;C:\Users\benav\.m2\repository\org\eclipse\microprofile\reactive-streams-operators\microprofile-reactive-streams-operators-api\3.0\microprofile-reactive-streams-operators-api-3.0.jar;C:\Users\benav\.m2\repository\org\eclipse\microprofile\reactive-streams-operators\microprofile-reactive-streams-operators-core\3.0\microprofile-reactive-streams-operators-core-3.0.jar;C:\Users\benav\.m2\repository\io\smallrye\reactive\mutiny-reactive-streams-operators\2.1.0\mutiny-reactive-streams-operators-2.1.0.jar;C:\Users\benav\.m2\repository\io\quarkus\quarkus-smallrye-reactive-messaging-kotlin\3.0.3.Final\quarkus-smallrye-reactive-messaging-kotlin-3.0.3.Final.jar;C:\Users\benav\.m2\repository\io\smallrye\common\smallrye-common-annotation\2.1.0\smallrye-common-annotation-2.1.0.jar;C:\Users\benav\.m2\repository\io\smallrye\reactive\smallrye-reactive-messaging-health\4.4.0\smallrye-reactive-messaging-health-4.4.0.jar;C:\Users\benav\.m2\repository\org\eclipse\microprofile\health\microprofile-health-api\4.0.1\microprofile-health-api-4.0.1.jar;C:\Users\benav\.m2\repository\io\smallrye\reactive\smallrye-reactive-messaging-provider\4.4.0\smallrye-reactive-messaging-provider-4.4.0.jar;C:\Users\benav\.m2\repository\io\smallrye\reactive\smallrye-reactive-messaging-api\4.4.0\smallrye-reactive-messaging-api-4.4.0.jar;C:\Users\benav\.m2\repository\io\smallrye\reactive\smallrye-mutiny-vertx-core\3.3.0\smallrye-mutiny-vertx-core-3.3.0.jar;C:\Users\benav\.m2\repository\io\smallrye\reactive\smallrye-mutiny-vertx-runtime\3.3.0\smallrye-mutiny-vertx-runtime-3.3.0.jar;C:\Users\benav\.m2\repository\io\smallrye\reactive\vertx-mutiny-generator\3.3.0\vertx-mutiny-generator-3.3.0.jar;C:\Users\benav\.m2\repository\io\vertx\vertx-codegen\4.4.1\vertx-codegen-4.4.1.jar;C:\Users\benav\.m2\repository\jakarta\annotation\jakarta.annotation-api\2.1.1\jakarta.annotation-api-2.1.1.jar;C:\Users\benav\.m2\repository\io\quarkus\quarkus-resteasy-reactive-jackson\3.0.3.Final\quarkus-resteasy-reactive-jackson-3.0.3.Final.jar;C:\Users\benav\.m2\repository\io\quarkus\quarkus-resteasy-reactive-jackson-common\3.0.3.Final\quarkus-resteasy-reactive-jackson-common-3.0.3.Final.jar;C:\Users\benav\.m2\repository\io\quarkus\quarkus-jdbc-postgresql\3.0.3.Final\quarkus-jdbc-postgresql-3.0.3.Final.jar;C:\Users\benav\.m2\repository\org\postgresql\postgresql\42.6.0\postgresql-42.6.0.jar;C:\Users\benav\.m2\repository\io\quarkus\quarkus-arc\3.0.3.Final\quarkus-arc-3.0.3.Final.jar;C:\Users\benav\.m2\repository\io\quarkus\arc\arc\3.0.3.Final\arc-3.0.3.Final.jar;C:\Users\benav\.m2\repository\org\eclipse\microprofile\context-propagation\microprofile-context-propagation-api\1.3\microprofile-context-propagation-api-1.3.jar;C:\Users\benav\.m2\repository\io\quarkus\quarkus-hibernate-orm\3.0.3.Final\quarkus-hibernate-orm-3.0.3.Final.jar;C:\Users\benav\.m2\repository\io\quarkus\quarkus-agroal\3.0.3.Final\quarkus-agroal-3.0.3.Final.jar;C:\Users\benav\.m2\repository\io\quarkus\quarkus-datasource\3.0.3.Final\quarkus-datasource-3.0.3.Final.jar;C:\Users\benav\.m2\repository\io\quarkus\quarkus-datasource-common\3.0.3.Final\quarkus-datasource-common-3.0.3.Final.jar;C:\Users\benav\.m2\repository\io\agroal\agroal-api\2.1\agroal-api-2.1.jar;C:\Users\benav\.m2\repository\io\agroal\agroal-narayana\2.1\agroal-narayana-2.1.jar;C:\Users\benav\.m2\repository\org\jboss\jboss-transaction-spi\8.0.0.Final\jboss-transaction-spi-8.0.0.Final.jar;C:\Users\benav\.m2\repository\io\agroal\agroal-pool\2.1\agroal-pool-2.1.jar;C:\Users\benav\.m2\repository\io\quarkus\quarkus-narayana-jta\3.0.3.Final\quarkus-narayana-jta-3.0.3.Final.jar;C:\Users\benav\.m2\repository\io\quarkus\quarkus-transaction-annotations\3.0.3.Final\quarkus-transaction-annotations-3.0.3.Final.jar;C:\Users\benav\.m2\repository\io\smallrye\smallrye-context-propagation-jta\2.1.0\smallrye-context-propagation-jta-2.1.0.jar;C:\Users\benav\.m2\repository\io\smallrye\reactive\smallrye-reactive-converter-mutiny\3.0.0\smallrye-reactive-converter-mutiny-3.0.0.jar;C:\Users\benav\.m2\repository\org\jboss\narayana\jta\narayana-jta\6.0.1.Final\narayana-jta-6.0.1.Final.jar;C:\Users\benav\.m2\repository\jakarta\resource\jakarta.resource-api\2.0.0\jakarta.resource-api-2.0.0.jar;C:\Users\benav\.m2\repository\org\jboss\invocation\jboss-invocation\2.0.0.Final\jboss-invocation-2.0.0.Final.jar;C:\Users\benav\.m2\repository\jakarta\ejb\jakarta.ejb-api\4.0.1\jakarta.ejb-api-4.0.1.jar;C:\Users\benav\.m2\repository\org\jboss\narayana\jts\narayana-jts-integration\6.0.1.Final\narayana-jts-integration-6.0.1.Final.jar;C:\Users\benav\.m2\repository\org\hibernate\orm\hibernate-core\6.2.1.Final\hibernate-core-6.2.1.Final.jar;C:\Users\benav\.m2\repository\org\antlr\antlr4-runtime\4.10.1\antlr4-runtime-4.10.1.jar;C:\Users\benav\.m2\repository\net\bytebuddy\byte-buddy\1.12.18\byte-buddy-1.12.18.jar;C:\Users\benav\.m2\repository\org\hibernate\common\hibernate-commons-annotations\6.0.6.Final\hibernate-commons-annotations-6.0.6.Final.jar;C:\Users\benav\.m2\repository\org\hibernate\orm\hibernate-graalvm\6.2.1.Final\hibernate-graalvm-6.2.1.Final.jar;C:\Users\benav\.m2\repository\org\glassfish\jaxb\jaxb-runtime\4.0.2\jaxb-runtime-4.0.2.jar;C:\Users\benav\.m2\repository\org\glassfish\jaxb\jaxb-core\4.0.2\jaxb-core-4.0.2.jar;C:\Users\benav\.m2\repository\org\eclipse\angus\angus-activation\2.0.0\angus-activation-2.0.0.jar;C:\Users\benav\.m2\repository\org\glassfish\jaxb\txw2\4.0.2\txw2-4.0.2.jar;C:\Users\benav\.m2\repository\com\sun\istack\istack-commons-runtime\4.1.1\istack-commons-runtime-4.1.1.jar;C:\Users\benav\.m2\repository\jakarta\xml\bind\jakarta.xml.bind-api\4.0.0\jakarta.xml.bind-api-4.0.0.jar;C:\Users\benav\.m2\repository\jakarta\activation\jakarta.activation-api\2.1.1\jakarta.activation-api-2.1.1.jar;C:\Users\benav\.m2\repository\jakarta\persistence\jakarta.persistence-api\3.1.0\jakarta.persistence-api-3.1.0.jar;C:\Users\benav\.m2\repository\jakarta\transaction\jakarta.transaction-api\2.0.1\jakarta.transaction-api-2.0.1.jar;C:\Users\benav\.m2\repository\org\hibernate\quarkus-local-cache\0.2.1\quarkus-local-cache-0.2.1.jar;C:\Users\benav\.m2\repository\io\quarkus\quarkus-caffeine\3.0.3.Final\quarkus-caffeine-3.0.3.Final.jar;C:\Users\benav\.m2\repository\com\github\ben-manes\caffeine\caffeine\3.1.5\caffeine-3.1.5.jar;C:\Users\benav\.m2\repository\com\google\errorprone\error_prone_annotations\2.18.0\error_prone_annotations-2.18.0.jar;C:\Users\benav\.m2\repository\io\quarkus\quarkus-resteasy-reactive\3.0.3.Final\quarkus-resteasy-reactive-3.0.3.Final.jar;C:\Users\benav\.m2\repository\io\quarkus\quarkus-resteasy-reactive-common\3.0.3.Final\quarkus-resteasy-reactive-common-3.0.3.Final.jar;C:\Users\benav\.m2\repository\io\quarkus\resteasy\reactive\resteasy-reactive-common\3.0.3.Final\resteasy-reactive-common-3.0.3.Final.jar;C:\Users\benav\.m2\repository\io\quarkus\resteasy\reactive\resteasy-reactive-common-types\3.0.3.Final\resteasy-reactive-common-types-3.0.3.Final.jar;C:\Users\benav\.m2\repository\io\quarkus\resteasy\reactive\resteasy-reactive-vertx\3.0.3.Final\resteasy-reactive-vertx-3.0.3.Final.jar;C:\Users\benav\.m2\repository\io\quarkus\resteasy\reactive\resteasy-reactive\3.0.3.Final\resteasy-reactive-3.0.3.Final.jar;C:\Users\benav\.m2\repository\io\quarkus\quarkus-jsonp\3.0.3.Final\quarkus-jsonp-3.0.3.Final.jar;C:\Users\benav\.m2\repository\org\eclipse\parsson\parsson\1.1.1\parsson-1.1.1.jar;C:\Users\benav\.m2\repository\jakarta\json\jakarta.json-api\2.1.1\jakarta.json-api-2.1.1.jar;C:\Users\benav\.m2\repository\io\quarkus\quarkus-rest-client-reactive-jackson\3.0.3.Final\quarkus-rest-client-reactive-jackson-3.0.3.Final.jar;C:\Users\benav\.m2\repository\io\quarkus\resteasy\reactive\resteasy-reactive-jackson\3.0.3.Final\resteasy-reactive-jackson-3.0.3.Final.jar;C:\Users\benav\.m2\repository\io\quarkus\quarkus-rest-client-reactive\3.0.3.Final\quarkus-rest-client-reactive-3.0.3.Final.jar;C:\Users\benav\.m2\repository\io\quarkus\quarkus-jaxrs-client-reactive\3.0.3.Final\quarkus-jaxrs-client-reactive-3.0.3.Final.jar;C:\Users\benav\.m2\repository\io\quarkus\resteasy\reactive\resteasy-reactive-client\3.0.3.Final\resteasy-reactive-client-3.0.3.Final.jar;C:\Users\benav\.m2\repository\io\vertx\vertx-web-client\4.4.1\vertx-web-client-4.4.1.jar;C:\Users\benav\.m2\repository\io\quarkus\quarkus-smallrye-stork\3.0.3.Final\quarkus-smallrye-stork-3.0.3.Final.jar;C:\Users\benav\.m2\repository\io\quarkus\quarkus-rest-client-config\3.0.3.Final\quarkus-rest-client-config-3.0.3.Final.jar;C:\Users\benav\.m2\repository\io\smallrye\stork\stork-api\2.2.0\stork-api-2.2.0.jar;C:\Users\benav\.m2\repository\io\smallrye\stork\stork-core\2.2.0\stork-core-2.2.0.jar;C:\Users\benav\.m2\repository\org\eclipse\microprofile\rest\client\microprofile-rest-client-api\3.0.1\microprofile-rest-client-api-3.0.1.jar;C:\Users\benav\.m2\repository\io\quarkus\quarkus-smallrye-fault-tolerance\3.0.3.Final\quarkus-smallrye-fault-tolerance-3.0.3.Final.jar;C:\Users\benav\.m2\repository\io\quarkus\quarkus-mutiny\3.0.3.Final\quarkus-mutiny-3.0.3.Final.jar;C:\Users\benav\.m2\repository\io\smallrye\reactive\mutiny-smallrye-context-propagation\2.1.0\mutiny-smallrye-context-propagation-2.1.0.jar;C:\Users\benav\.m2\repository\io\smallrye\smallrye-fault-tolerance\6.2.2\smallrye-fault-tolerance-6.2.2.jar;C:\Users\benav\.m2\repository\org\eclipse\microprofile\fault-tolerance\microprofile-fault-tolerance-api\4.0.2\microprofile-fault-tolerance-api-4.0.2.jar;C:\Users\benav\.m2\repository\io\smallrye\smallrye-fault-tolerance-api\6.2.2\smallrye-fault-tolerance-api-6.2.2.jar;C:\Users\benav\.m2\repository\io\smallrye\smallrye-fault-tolerance-core\6.2.2\smallrye-fault-tolerance-core-6.2.2.jar;C:\Users\benav\.m2\repository\io\smallrye\smallrye-fault-tolerance-autoconfig-core\6.2.2\smallrye-fault-tolerance-autoconfig-core-6.2.2.jar;C:\Users\benav\.m2\repository\jakarta\enterprise\jakarta.enterprise.cdi-api\4.0.1\jakarta.enterprise.cdi-api-4.0.1.jar;C:\Users\benav\.m2\repository\jakarta\enterprise\jakarta.enterprise.lang-model\4.0.1\jakarta.enterprise.lang-model-4.0.1.jar;C:\Users\benav\.m2\repository\jakarta\interceptor\jakarta.interceptor-api\2.1.0\jakarta.interceptor-api-2.1.0.jar;C:\Users\benav\.m2\repository\org\jboss\logging\commons-logging-jboss-logging\1.0.0.Final\commons-logging-jboss-logging-1.0.0.Final.jar;C:\Users\benav\.m2\repository\io\quarkus\quarkus-smallrye-context-propagation\3.0.3.Final\quarkus-smallrye-context-propagation-3.0.3.Final.jar;C:\Users\benav\.m2\repository\io\smallrye\smallrye-context-propagation\2.1.0\smallrye-context-propagation-2.1.0.jar;C:\Users\benav\.m2\repository\io\smallrye\smallrye-context-propagation-api\2.1.0\smallrye-context-propagation-api-2.1.0.jar;C:\Users\benav\.m2\repository\io\smallrye\smallrye-context-propagation-storage\2.1.0\smallrye-context-propagation-storage-2.1.0.jar;C:\Users\benav\.m2\repository\io\smallrye\smallrye-fault-tolerance-context-propagation\6.2.2\smallrye-fault-tolerance-context-propagation-6.2.2.jar;C:\Users\benav\.m2\repository\io\smallrye\smallrye-fault-tolerance-mutiny\6.2.2\smallrye-fault-tolerance-mutiny-6.2.2.jar;C:\Users\benav\.m2\repository\io\quarkus\quarkus-junit5\3.0.3.Final\quarkus-junit5-3.0.3.Final.jar;C:\Users\benav\.m2\repository\io\quarkus\quarkus-bootstrap-core\3.0.3.Final\quarkus-bootstrap-core-3.0.3.Final.jar;C:\Users\benav\.m2\repository\io\quarkus\quarkus-bootstrap-app-model\3.0.3.Final\quarkus-bootstrap-app-model-3.0.3.Final.jar;C:\Users\benav\.m2\repository\io\smallrye\common\smallrye-common-io\2.1.0\smallrye-common-io-2.1.0.jar;C:\Users\benav\.m2\repository\org\eclipse\sisu\org.eclipse.sisu.inject\0.3.5\org.eclipse.sisu.inject-0.3.5.jar;C:\Users\benav\.m2\repository\io\quarkus\quarkus-test-common\3.0.3.Final\quarkus-test-common-3.0.3.Final.jar;C:\Users\benav\.m2\repository\io\quarkus\quarkus-core-deployment\3.0.3.Final\quarkus-core-deployment-3.0.3.Final.jar;C:\Users\benav\.m2\repository\org\aesh\readline\2.4\readline-2.4.jar;C:\Users\benav\.m2\repository\org\fusesource\jansi\jansi\2.4.0\jansi-2.4.0.jar;C:\Users\benav\.m2\repository\org\aesh\aesh\2.7\aesh-2.7.jar;C:\Users\benav\.m2\repository\io\quarkus\gizmo\gizmo\1.6.1.Final\gizmo-1.6.1.Final.jar;C:\Users\benav\.m2\repository\org\ow2\asm\asm-util\9.5\asm-util-9.5.jar;C:\Users\benav\.m2\repository\org\ow2\asm\asm-analysis\9.5\asm-analysis-9.5.jar;C:\Users\benav\.m2\repository\org\ow2\asm\asm\9.5\asm-9.5.jar;C:\Users\benav\.m2\repository\org\ow2\asm\asm-commons\9.5\asm-commons-9.5.jar;C:\Users\benav\.m2\repository\org\ow2\asm\asm-tree\9.5\asm-tree-9.5.jar;C:\Users\benav\.m2\repository\io\quarkus\quarkus-class-change-agent\3.0.3.Final\quarkus-class-change-agent-3.0.3.Final.jar;C:\Users\benav\.m2\repository\io\quarkus\quarkus-devtools-utilities\3.0.3.Final\quarkus-devtools-utilities-3.0.3.Final.jar;C:\Users\benav\.m2\repository\io\quarkus\quarkus-builder\3.0.3.Final\quarkus-builder-3.0.3.Final.jar;C:\Users\benav\.m2\repository\org\junit\platform\junit-platform-launcher\1.9.2\junit-platform-launcher-1.9.2.jar;C:\Users\benav\.m2\repository\io\quarkus\quarkus-bootstrap-maven-resolver\3.0.3.Final\quarkus-bootstrap-maven-resolver-3.0.3.Final.jar;C:\Users\benav\.m2\repository\io\smallrye\beanbag\smallrye-beanbag-maven\1.1.0\smallrye-beanbag-maven-1.1.0.jar;C:\Users\benav\.m2\repository\io\smallrye\beanbag\smallrye-beanbag-sisu\1.1.0\smallrye-beanbag-sisu-1.1.0.jar;C:\Users\benav\.m2\repository\io\smallrye\beanbag\smallrye-beanbag\1.1.0\smallrye-beanbag-1.1.0.jar;C:\Users\benav\.m2\repository\javax\inject\javax.inject\1\javax.inject-1.jar;C:\Users\benav\.m2\repository\org\apache\maven\maven-artifact\3.9.1\maven-artifact-3.9.1.jar;C:\Users\benav\.m2\repository\org\apache\maven\maven-builder-support\3.9.1\maven-builder-support-3.9.1.jar;C:\Users\benav\.m2\repository\org\apache\maven\maven-model\3.9.1\maven-model-3.9.1.jar;C:\Users\benav\.m2\repository\org\apache\maven\maven-model-builder\3.9.1\maven-model-builder-3.9.1.jar;C:\Users\benav\.m2\repository\org\apache\maven\maven-repository-metadata\3.9.1\maven-repository-metadata-3.9.1.jar;C:\Users\benav\.m2\repository\org\apache\maven\maven-settings\3.9.1\maven-settings-3.9.1.jar;C:\Users\benav\.m2\repository\org\apache\maven\resolver\maven-resolver-api\1.9.7\maven-resolver-api-1.9.7.jar;C:\Users\benav\.m2\repository\org\apache\maven\resolver\maven-resolver-impl\1.9.7\maven-resolver-impl-1.9.7.jar;C:\Users\benav\.m2\repository\org\apache\maven\resolver\maven-resolver-named-locks\1.9.7\maven-resolver-named-locks-1.9.7.jar;C:\Users\benav\.m2\repository\org\apache\maven\resolver\maven-resolver-spi\1.9.7\maven-resolver-spi-1.9.7.jar;C:\Users\benav\.m2\repository\org\apache\maven\resolver\maven-resolver-util\1.9.7\maven-resolver-util-1.9.7.jar;C:\Users\benav\.m2\repository\org\apache\maven\wagon\wagon-provider-api\3.5.3\wagon-provider-api-3.5.3.jar;C:\Users\benav\.m2\repository\org\apache\maven\wagon\wagon-http-lightweight\3.5.3\wagon-http-lightweight-3.5.3.jar;C:\Users\benav\.m2\repository\org\apache\maven\wagon\wagon-http-shared\3.5.3\wagon-http-shared-3.5.3.jar;C:\Users\benav\.m2\repository\org\codehaus\plexus\plexus-interpolation\1.26\plexus-interpolation-1.26.jar;C:\Users\benav\.m2\repository\org\codehaus\plexus\plexus-utils\3.5.1\plexus-utils-3.5.1.jar;C:\Users\benav\.m2\repository\org\sonatype\plexus\plexus-cipher\1.7\plexus-cipher-1.7.jar;C:\Users\benav\.m2\repository\org\sonatype\plexus\plexus-sec-dispatcher\1.4\plexus-sec-dispatcher-1.4.jar;C:\Users\benav\.m2\repository\org\apache\maven\maven-embedder\3.9.1\maven-embedder-3.9.1.jar;C:\Users\benav\.m2\repository\org\apache\maven\maven-core\3.9.1\maven-core-3.9.1.jar;C:\Users\benav\.m2\repository\org\codehaus\plexus\plexus-component-annotations\2.1.0\plexus-component-annotations-2.1.0.jar;C:\Users\benav\.m2\repository\org\apache\maven\maven-plugin-api\3.9.1\maven-plugin-api-3.9.1.jar;C:\Users\benav\.m2\repository\org\apache\maven\shared\maven-shared-utils\3.3.4\maven-shared-utils-3.3.4.jar;C:\Users\benav\.m2\repository\com\google\inject\guice\5.1.0\guice-5.1.0.jar;C:\Users\benav\.m2\repository\aopalliance\aopalliance\1.0\aopalliance-1.0.jar;C:\Users\benav\.m2\repository\com\google\guava\guava\31.1-jre\guava-31.1-jre.jar;C:\Users\benav\.m2\repository\com\google\guava\failureaccess\1.0.1\failureaccess-1.0.1.jar;C:\Users\benav\.m2\repository\javax\annotation\javax.annotation-api\1.3.2\javax.annotation-api-1.3.2.jar;C:\Users\benav\.m2\repository\org\codehaus\plexus\plexus-classworlds\2.6.0\plexus-classworlds-2.6.0.jar;C:\Users\benav\.m2\repository\org\codehaus\plexus\plexus-sec-dispatcher\2.0\plexus-sec-dispatcher-2.0.jar;C:\Users\benav\.m2\repository\org\codehaus\plexus\plexus-cipher\2.0\plexus-cipher-2.0.jar;C:\Users\benav\.m2\repository\commons-cli\commons-cli\1.4\commons-cli-1.4.jar;C:\Users\benav\.m2\repository\org\eclipse\sisu\org.eclipse.sisu.plexus\0.3.5\org.eclipse.sisu.plexus-0.3.5.jar;C:\Users\benav\.m2\repository\org\apache\maven\maven-settings-builder\3.9.1\maven-settings-builder-3.9.1.jar;C:\Users\benav\.m2\repository\org\apache\maven\maven-resolver-provider\3.9.1\maven-resolver-provider-3.9.1.jar;C:\Users\benav\.m2\repository\org\apache\maven\resolver\maven-resolver-connector-basic\1.9.7\maven-resolver-connector-basic-1.9.7.jar;C:\Users\benav\.m2\repository\org\apache\maven\resolver\maven-resolver-transport-wagon\1.9.7\maven-resolver-transport-wagon-1.9.7.jar;C:\Users\benav\.m2\repository\org\apache\maven\wagon\wagon-http\3.5.3\wagon-http-3.5.3.jar;C:\Users\benav\.m2\repository\org\apache\maven\wagon\wagon-file\3.5.3\wagon-file-3.5.3.jar;C:\Users\benav\.m2\repository\io\quarkus\quarkus-bootstrap-gradle-resolver\3.0.3.Final\quarkus-bootstrap-gradle-resolver-3.0.3.Final.jar;C:\Users\benav\.m2\repository\commons-io\commons-io\2.11.0\commons-io-2.11.0.jar;C:\Users\benav\.m2\repository\io\quarkus\quarkus-junit5-properties\3.0.3.Final\quarkus-junit5-properties-3.0.3.Final.jar;C:\Users\benav\.m2\repository\org\junit\jupiter\junit-jupiter\5.9.2\junit-jupiter-5.9.2.jar;C:\Users\benav\.m2\repository\org\junit\jupiter\junit-jupiter-api\5.9.2\junit-jupiter-api-5.9.2.jar;C:\Users\benav\.m2\repository\org\opentest4j\opentest4j\1.2.0\opentest4j-1.2.0.jar;C:\Users\benav\.m2\repository\org\junit\platform\junit-platform-commons\1.9.2\junit-platform-commons-1.9.2.jar;C:\Users\benav\.m2\repository\org\apiguardian\apiguardian-api\1.1.2\apiguardian-api-1.1.2.jar;C:\Users\benav\.m2\repository\org\junit\jupiter\junit-jupiter-params\5.9.2\junit-jupiter-params-5.9.2.jar;C:\Users\benav\.m2\repository\org\junit\jupiter\junit-jupiter-engine\5.9.2\junit-jupiter-engine-5.9.2.jar;C:\Users\benav\.m2\repository\org\junit\platform\junit-platform-engine\1.9.2\junit-platform-engine-1.9.2.jar;C:\Users\benav\.m2\repository\com\thoughtworks\xstream\xstream\1.4.20\xstream-1.4.20.jar;C:\Users\benav\.m2\repository\io\github\x-stream\mxparser\1.2.2\mxparser-1.2.2.jar;C:\Users\benav\.m2\repository\xmlpull\xmlpull\1.1.3.1\xmlpull-1.1.3.1.jar;C:\Users\benav\.m2\repository\io\rest-assured\rest-assured\5.3.0\rest-assured-5.3.0.jar;C:\Users\benav\.m2\repository\org\apache\groovy\groovy\4.0.6\groovy-4.0.6.jar;C:\Users\benav\.m2\repository\org\apache\groovy\groovy-xml\4.0.6\groovy-xml-4.0.6.jar;C:\Users\benav\.m2\repository\org\apache\httpcomponents\httpclient\4.5.14\httpclient-4.5.14.jar;C:\Users\benav\.m2\repository\org\apache\httpcomponents\httpcore\4.4.16\httpcore-4.4.16.jar;C:\Users\benav\.m2\repository\commons-codec\commons-codec\1.15\commons-codec-1.15.jar;C:\Users\benav\.m2\repository\org\apache\httpcomponents\httpmime\4.5.14\httpmime-4.5.14.jar;C:\Users\benav\.m2\repository\org\hamcrest\hamcrest\2.1\hamcrest-2.1.jar;C:\Users\benav\.m2\repository\org\ccil\cowan\tagsoup\tagsoup\1.2.1\tagsoup-1.2.1.jar;C:\Users\benav\.m2\repository\io\rest-assured\json-path\5.3.0\json-path-5.3.0.jar;C:\Users\benav\.m2\repository\org\apache\groovy\groovy-json\4.0.6\groovy-json-4.0.6.jar;C:\Users\benav\.m2\repository\io\rest-assured\rest-assured-common\5.3.0\rest-assured-common-5.3.0.jar;C:\Users\benav\.m2\repository\io\rest-assured\xml-path\5.3.0\xml-path-5.3.0.jar;C:\Users\benav\.m2\repository\org\apache\commons\commons-lang3\3.12.0\commons-lang3-3.12.0.jar;C:\Users\benav\.m2\repository\jakarta\ws\rs\jakarta.ws.rs-api\3.1.0\jakarta.ws.rs-api-3.1.0.jar;C:\Users\benav\.m2\repository\io\quarkus\quarkus-junit5-mockito\3.0.3.Final\quarkus-junit5-mockito-3.0.3.Final.jar;C:\Users\benav\.m2\repository\io\quarkus\quarkus-junit5-mockito-config\3.0.3.Final\quarkus-junit5-mockito-config-3.0.3.Final.jar;C:\Users\benav\.m2\repository\org\mockito\mockito-core\5.2.0\mockito-core-5.2.0.jar;C:\Users\benav\.m2\repository\net\bytebuddy\byte-buddy-agent\1.14.1\byte-buddy-agent-1.14.1.jar;C:\Users\benav\.m2\repository\org\objenesis\objenesis\3.3\objenesis-3.3.jar;C:\Users\benav\.m2\repository\io\quarkus\quarkus-arc-deployment\3.0.3.Final\quarkus-arc-deployment-3.0.3.Final.jar;C:\Users\benav\.m2\repository\io\quarkus\quarkus-smallrye-context-propagation-spi\3.0.3.Final\quarkus-smallrye-context-propagation-spi-3.0.3.Final.jar;C:\Users\benav\.m2\repository\io\quarkus\quarkus-vertx-http-dev-console-spi\3.0.3.Final\quarkus-vertx-http-dev-console-spi-3.0.3.Final.jar;C:\Users\benav\.m2\repository\io\quarkus\quarkus-vertx-http-dev-ui-spi\3.0.3.Final\quarkus-vertx-http-dev-ui-spi-3.0.3.Final.jar;C:\Users\benav\.m2\repository\io\quarkus\arc\arc-processor\3.0.3.Final\arc-processor-3.0.3.Final.jar;C:\Users\benav\.m2\repository\org\mockito\mockito-subclass\5.2.0\mockito-subclass-5.2.0.jar;"/>
    <property name="sun.cpu.endian" value="little"/>
    <property name="vertx.disableWebsockets" value="true"/>
    <property name="user.home" value="C:\Users\benav"/>
    <property name="user.language" value="es"/>
    <property name="jboss.log-version" value="false"/>
    <property name="java.specification.vendor" value="Oracle Corporation"/>
    <property name="io.netty.allocator.maxOrder" value="3"/>
    <property name="java.version.date" value="2023-01-17"/>
    <property name="java.home" value="C:\Program Files\Java\jdk-17"/>
    <property name="file.separator" value="\"/>
    <property name="basedir" value="C:\Users\benav\quarkus\quarkus-super-heroes\rest-fights"/>
    <property name="java.vm.compressedOopsMode" value="Zero based"/>
    <property name="line.separator" value="&#10;"/>
    <property name="java.vm.specification.vendor" value="Oracle Corporation"/>
    <property name="java.specification.name" value="Java Platform API Specification"/>
    <property name="surefire.real.class.path" value="C:\Users\benav\AppData\Local\Temp\surefire11068871150239470260\surefirebooter-20230611170310168_3.jar"/>
    <property name="user.script" value=""/>
    <property name="sun.management.compiler" value="HotSpot 64-Bit Tiered Compilers"/>
    <property name="java.runtime.version" value="17.0.6+9-LTS-190"/>
    <property name="user.name" value="benav"/>
    <property name="path.separator" value=";"/>
    <property name="os.version" value="10.0"/>
    <property name="java.runtime.name" value="Java(TM) SE Runtime Environment"/>
    <property name="file.encoding" value="Cp1252"/>
    <property name="java.vm.name" value="Java HotSpot(TM) 64-Bit Server VM"/>
    <property name="localRepository" value="C:\Users\benav\.m2\repository"/>
    <property name="java.vendor.url.bug" value="https://bugreport.java.com/bugreport/"/>
    <property name="java.io.tmpdir" value="C:\Users\benav\AppData\Local\Temp\"/>
    <property name="quarkus.log.file.path" value="target\quarkus.log"/>
    <property name="idea.version" value="2022.3.2"/>
    <property name="java.version" value="17.0.6"/>
    <property name="java.util.concurrent.ForkJoinPool.common.threadFactory" value="io.quarkus.bootstrap.forkjoin.QuarkusForkJoinWorkerThreadFactory"/>
    <property name="user.dir" value="C:\Users\benav\quarkus\quarkus-super-heroes\rest-fights"/>
    <property name="os.arch" value="amd64"/>
    <property name="java.vm.specification.name" value="Java Virtual Machine Specification"/>
    <property name="vertx.disableDnsResolver" value="true"/>
    <property name="sun.os.patch.level" value=""/>
    <property name="native.encoding" value="Cp1252"/>
    <property name="java.util.logging.manager" value="org.jboss.logmanager.LogManager"/>
    <property name="java.library.path" value="C:\Program Files\Java\jdk-17\bin;C:\Windows\Sun\Java\bin;C:\Windows\system32;C:\Windows;%GRAALVM_HOME%;%JAVA_HOME%\bin;C:\Users\benav\OneDrive\Documentos\Nueva carpeta (2)\apache-maven-3.8.8-bin\apache-maven-3.8.8\bin;C:\Users\benav\OneDrive\Documentos\Nueva carpeta\graalvm-ce-java17-windows-amd64-22.3.2\graalvm-ce-java17-22.3.2\bin;C:\Users\benav\OneDrive\Documentos\Arquisot\Monitorias\gradle-6.6-all\gradle-6.6\bin;C:\Program Files\Common Files\Oracle\Java\javapath;C:\Program Files (x86)\Common Files\Oracle\Java\javapath;C:\Windows\system32;C:\Windows;C:\Windows\System32\Wbem;C:\Windows\System32\WindowsPowerShell\v1.0\;C:\Windows\System32\OpenSSH\;C:\Program Files (x86)\NVIDIA Corporation\PhysX\Common;C:\Program Files\NVIDIA Corporation\NVIDIA NvDLISR;C:\Program Files\Microsoft SQL Server\150\Tools\Binn\;C:\Program Files\Microsoft SQL Server\Client SDK\ODBC\170\Tools\Binn\;C:\Program Files (x86)\ZeroTier\One\;C:\Program Files\Git\cmd;C:\Program Files (x86)\Gpg4win\..\GnuPG\bin;C:\Program Files\ZeroC\Ice-3.7.8\bin;C:\Program Files\Docker\Docker\resources\bin;C:\Program Files\dotnet\;C:\Program Files\nodejs\;C:\Program Files\Java\jdk-17\bin;C:\Users\benav\AppData\Local\Programs\Python\Python311\Scripts\;C:\Users\benav\AppData\Local\Programs\Python\Python311\;C:\Program Files (x86)\Microsoft Visual Studio\Shared\Python39_64;C:\Program Files (x86)\Microsoft Visual Studio\Shared\Python39_64\Scripts;C:\Users\benav\AppData\Local\Microsoft\WindowsApps;C:\Users\benav\AppData\Local\GitHubDesktop\bin;C:\Program Files (x86)\Microsoft Visual Studio\Shared\Python39_64\Scripts;C:\Users\benav\AppData\Local\Programs\Microsoft VS Code\bin;C:\Program Files\Java\jdk1.8.0_351\bin;C:\Users\benav\.dotnet\tools;C:\Program Files\PostgreSQL\15\bin;C:\Program Files\Java\jdk1.8.0_351\bin;C:\Users\benav\AppData\Roaming\npm;."/>
    <property name="java.vm.info" value="mixed mode, sharing"/>
    <property name="java.vendor" value="Oracle Corporation"/>
    <property name="vertx.disableTCCL" value="true"/>
    <property name="java.vm.version" value="17.0.6+9-LTS-190"/>
    <property name="sun.io.unicode.encoding" value="UnicodeLittle"/>
    <property name="io.netty.machineId" value="1a:d5:dc:12:f2:88:41:a3"/>
    <property name="java.class.version" value="61.0"/>
    <property name="mp.openapi.extensions.smallrye.defaultConsumes" value="application/json"/>
  </properties>
  <testcase name="shouldGetInitialItems" classname="io.quarkus.workshop.superheroes.fight.FightResourceTest" time="3.623">
    <system-out><![CDATA[17:03:26 WARN  [io.qu.re.cl.re.de.RestClientReactiveProcessor] (build-15) Unsupported default scope {} provided for rest client {}. Defaulting to {}
17:03:26 WARN  [io.qu.re.cl.re.de.RestClientReactiveProcessor] (build-15) Unsupported default scope {} provided for rest client {}. Defaulting to {}
17:03:26 INFO  [or.te.do.DockerClientProviderStrategy] (build-27) Loaded org.testcontainers.dockerclient.NpipeSocketClientProviderStrategy from ~/.testcontainers.properties, will try it first
17:03:27 INFO  [io.qu.sm.de.processor] (build-20) Generating Jackson serializer for type io.quarkus.workshop.superheroes.fight.Fight
17:03:28 INFO  [or.te.do.DockerClientProviderStrategy] (build-27) Found Docker environment with local Npipe socket (npipe:////./pipe/docker_engine)
17:03:28 INFO  [or.te.DockerClientFactory] (build-27) Docker host IP address is localhost
17:03:28 INFO  [or.te.DockerClientFactory] (build-27) Connected to docker: 
  Server Version: 20.10.24
  API Version: 1.41
  Operating System: Docker Desktop
  Total Memory: 9874 MB
17:03:28 INFO  [or.te.ut.ImageNameSubstitutor] (build-27) Image name substitution will be performed by: DefaultImageNameSubstitutor (composite of 'ConfigurationFileImageNameSubstitutor' and 'PrefixingImageNameSubstitutor')
17:03:28 INFO  [or.te.DockerClientFactory] (build-27) Checking the system...
17:03:28 INFO  [or.te.DockerClientFactory] (build-27) ?? Docker server version should be at least 1.6.0
17:03:28 INFO  [do.io/postgres:14]] (build-27) Creating container for image: docker.io/postgres:14
17:03:28 INFO  [do.io.3.4]] (build-37) Creating container for image: docker.io/vectorized/redpanda:v22.3.4
17:03:29 INFO  [or.te.ut.RegistryAuthLocator] (build-27) Credential helper/store (docker-credential-desktop) does not have credentials for docker.io
17:03:29 WARN  [do.io/postgres:14]] (build-27) Reuse was requested but the environment does not support the reuse of containers
To enable reuse of containers, you must set 'testcontainers.reuse.enable=true' in a file located at C:\Users\benav\.testcontainers.properties
17:03:29 INFO  [do.3.4]] (build-27) Creating container for image: testcontainers/ryuk:0.3.4
17:03:29 INFO  [or.te.ut.RegistryAuthLocator] (build-27) Credential helper/store (docker-credential-desktop) does not have credentials for https://index.docker.io/v1/
17:03:30 INFO  [do.3.4]] (build-27) Container testcontainers/ryuk:0.3.4 is starting: 430301d4b9646b7ed72aefd857d9a89bb7cc0c19cff0fb4b6339511510cf2d05
17:03:31 INFO  [do.3.4]] (build-27) Container testcontainers/ryuk:0.3.4 started in PT1.7474059S
17:03:31 INFO  [do.io/postgres:14]] (build-27) Container docker.io/postgres:14 is starting: 8dc85e3b691a26fa306ef7fbabae38786a2a2eaa2f95782be2acd5354bd384d6
17:03:32 INFO  [do.io.3.4]] (build-37) Container docker.io/vectorized/redpanda:v22.3.4 is starting: 788a5763c52ac6ad067e8738aac4d7dd5a51e8a81fbd342a36b524aa4a4b4aee
17:03:36 INFO  [do.io.3.4]] (build-37) Container docker.io/vectorized/redpanda:v22.3.4 started in PT7.5846224S
17:03:36 INFO  [io.qu.ka.cl.de.DevServicesKafkaProcessor] (build-37) Dev Services for Kafka started. Other Quarkus applications in dev mode will find the broker automatically. For Quarkus applications in production mode, you can connect to this by starting your application with -Dkafka.bootstrap.servers=OUTSIDE://localhost:32776
17:03:37 INFO  [do.io/postgres:14]] (build-27) Container docker.io/postgres:14 started in PT8.7645725S
17:03:37 INFO  [io.qu.de.po.de.PostgresqlDevServicesProcessor] (build-27) Dev Services for PostgreSQL started.
17:03:37 INFO  [io.qu.da.de.de.DevServicesDatasourceProcessor] (build-27) Dev Services for the default datasource (postgresql) started - container ID is 8dc85e3b691a
17:03:42 WARN  [or.hi.en.jd.sp.SqlExceptionHelper] (JPA Startup Thread) SQL Warning Code: 0, SQLState: 00000
17:03:42 WARN  [or.hi.en.jd.sp.SqlExceptionHelper] (JPA Startup Thread) table "fight" does not exist, skipping
17:03:42 WARN  [or.hi.en.jd.sp.SqlExceptionHelper] (JPA Startup Thread) SQL Warning Code: 0, SQLState: 00000
17:03:42 WARN  [or.hi.en.jd.sp.SqlExceptionHelper] (JPA Startup Thread) table "myentity" does not exist, skipping
17:03:42 WARN  [or.hi.en.jd.sp.SqlExceptionHelper] (JPA Startup Thread) SQL Warning Code: 0, SQLState: 00000
17:03:42 WARN  [or.hi.en.jd.sp.SqlExceptionHelper] (JPA Startup Thread) sequence "fight_seq" does not exist, skipping
17:03:42 WARN  [or.hi.en.jd.sp.SqlExceptionHelper] (JPA Startup Thread) SQL Warning Code: 0, SQLState: 00000
17:03:42 WARN  [or.hi.en.jd.sp.SqlExceptionHelper] (JPA Startup Thread) sequence "myentity_seq" does not exist, skipping
17:03:42 INFO  [or.hi.to.sc.in.ex.GenerationTargetToDatabase] (JPA Startup Thread) HHH000476: Executing script 'file:/C:/Users/benav/quarkus/quarkus-super-heroes/rest-fights/target/classes/import.sql'
17:03:42 WARN  [or.hi.en.jd.sp.SqlExceptionHelper] (JPA Startup Thread) SQL Warning Code: 0, SQLState: 00000
17:03:42 WARN  [or.hi.en.jd.sp.SqlExceptionHelper] (JPA Startup Thread) sequence "hibernate_sequence" does not exist, skipping
17:03:43 INFO  [io.sm.re.me.kafka] (smallrye-kafka-producer-thread-0) SRMSG18258: Kafka producer kafka-producer-fights, connected to Kafka brokers 'OUTSIDE://localhost:32776', is configured to write records to 'fights'
17:03:43 INFO  [io.quarkus] (main) rest-fights 1.0.0-SNAPSHOT on JVM (powered by Quarkus 3.0.3.Final) started in 21.468s. Listening on: http://localhost:8081
17:03:43 INFO  [io.quarkus] (main) Profile test activated. 
17:03:43 INFO  [io.quarkus] (main) Installed features: [agroal, cdi, hibernate-orm, hibernate-orm-panache, hibernate-validator, jdbc-postgresql, kafka-client, narayana-jta, rest-client-reactive, rest-client-reactive-jackson, resteasy-reactive, resteasy-reactive-jackson, smallrye-context-propagation, smallrye-fault-tolerance, smallrye-openapi, smallrye-reactive-messaging, smallrye-reactive-messaging-kafka, swagger-ui, vertx]
]]></system-out>
  </testcase>
  <testcase name="shouldAddAnItem" classname="io.quarkus.workshop.superheroes.fight.FightResourceTest" time="2.33">
    <system-out><![CDATA[17:03:48 INFO  [io.qu.wo.su.fi.FightService] (executor-thread-1) Yes, Hero won :o)
]]></system-out>
  </testcase>
  <testcase name="shouldNotAddInvalidItem" classname="io.quarkus.workshop.superheroes.fight.FightResourceTest" time="0.091"/>
  <testcase name="testHelloEndpoint" classname="io.quarkus.workshop.superheroes.fight.FightResourceTest" time="0.024"/>
  <testcase name="shouldGetRandomFighters" classname="io.quarkus.workshop.superheroes.fight.FightResourceTest" time="0.07"/>
  <testcase name="shouldPingOpenAPI" classname="io.quarkus.workshop.superheroes.fight.FightResourceTest" time="0.195"/>
  <testcase name="shouldNotGetUnknownFight" classname="io.quarkus.workshop.superheroes.fight.FightResourceTest" time="0.041"/>
</testsuite>