<?xml version="1.0" encoding="UTF-8"?>
<testsuite xmlns:xsi="http://www.w3.org/2001/XMLSchema-instance" xsi:noNamespaceSchemaLocation="https://maven.apache.org/surefire/maven-surefire-plugin/xsd/surefire-test-report-3.0.xsd" version="3.0" name="io.quarkus.workshop.superheroes.hero.HeroResourceTest" time="52.325" tests="9" errors="0" skipped="0" failures="0">
  <properties>
    <property name="java.specification.version" value="17"/>
    <property name="sun.cpu.isalist" value="amd64"/>
    <property name="test.url" value="http://localhost:8081"/>
    <property name="sun.jnu.encoding" value="Cp1252"/>
    <property name="java.class.path" value="C:\Users\benav\quarkus\quarkus-super-heroes\rest-heroes\target\test-classes;C:\Users\benav\quarkus\quarkus-super-heroes\rest-heroes\target\classes;C:\Users\benav\.m2\repository\io\quarkus\quarkus-smallrye-openapi\2.3.0.Final\quarkus-smallrye-openapi-2.3.0.Final.jar;C:\Users\benav\.m2\repository\io\smallrye\smallrye-open-api-core\2.1.15\smallrye-open-api-core-2.1.15.jar;C:\Users\benav\.m2\repository\org\eclipse\microprofile\openapi\microprofile-openapi-api\2.0.1-RC1\microprofile-openapi-api-2.0.1-RC1.jar;C:\Users\benav\.m2\repository\org\eclipse\microprofile\config\microprofile-config-api\2.0\microprofile-config-api-2.0.jar;C:\Users\benav\.m2\repository\com\fasterxml\jackson\core\jackson-core\2.12.5\jackson-core-2.12.5.jar;C:\Users\benav\.m2\repository\com\fasterxml\jackson\core\jackson-databind\2.12.5\jackson-databind-2.12.5.jar;C:\Users\benav\.m2\repository\com\fasterxml\jackson\core\jackson-annotations\2.12.5\jackson-annotations-2.12.5.jar;C:\Users\benav\.m2\repository\com\fasterxml\jackson\dataformat\jackson-dataformat-yaml\2.12.5\jackson-dataformat-yaml-2.12.5.jar;C:\Users\benav\.m2\repository\org\yaml\snakeyaml\1.29\snakeyaml-1.29.jar;C:\Users\benav\.m2\repository\org\jboss\jandex\2.4.0.Final\jandex-2.4.0.Final.jar;C:\Users\benav\.m2\repository\org\jboss\logging\jboss-logging\3.4.2.Final\jboss-logging-3.4.2.Final.jar;C:\Users\benav\.m2\repository\io\quarkus\quarkus-core\2.3.0.Final\quarkus-core-2.3.0.Final.jar;C:\Users\benav\.m2\repository\jakarta\annotation\jakarta.annotation-api\1.3.5\jakarta.annotation-api-1.3.5.jar;C:\Users\benav\.m2\repository\jakarta\enterprise\jakarta.enterprise.cdi-api\2.0.2\jakarta.enterprise.cdi-api-2.0.2.jar;C:\Users\benav\.m2\repository\jakarta\el\jakarta.el-api\3.0.3\jakarta.el-api-3.0.3.jar;C:\Users\benav\.m2\repository\jakarta\interceptor\jakarta.interceptor-api\1.2.5\jakarta.interceptor-api-1.2.5.jar;C:\Users\benav\.m2\repository\jakarta\inject\jakarta.inject-api\1.0\jakarta.inject-api-1.0.jar;C:\Users\benav\.m2\repository\io\quarkus\quarkus-ide-launcher\2.3.0.Final\quarkus-ide-launcher-2.3.0.Final.jar;C:\Users\benav\.m2\repository\io\quarkus\quarkus-development-mode-spi\2.3.0.Final\quarkus-development-mode-spi-2.3.0.Final.jar;C:\Users\benav\.m2\repository\io\smallrye\config\smallrye-config\2.5.1\smallrye-config-2.5.1.jar;C:\Users\benav\.m2\repository\io\smallrye\config\smallrye-config-core\2.5.1\smallrye-config-core-2.5.1.jar;C:\Users\benav\.m2\repository\io\smallrye\common\smallrye-common-expression\1.6.0\smallrye-common-expression-1.6.0.jar;C:\Users\benav\.m2\repository\io\smallrye\common\smallrye-common-function\1.6.0\smallrye-common-function-1.6.0.jar;C:\Users\benav\.m2\repository\io\smallrye\common\smallrye-common-constraint\1.6.0\smallrye-common-constraint-1.6.0.jar;C:\Users\benav\.m2\repository\io\smallrye\common\smallrye-common-classloader\1.6.0\smallrye-common-classloader-1.6.0.jar;C:\Users\benav\.m2\repository\io\smallrye\config\smallrye-config-common\2.5.1\smallrye-config-common-2.5.1.jar;C:\Users\benav\.m2\repository\org\jboss\logmanager\jboss-logmanager-embedded\1.0.9\jboss-logmanager-embedded-1.0.9.jar;C:\Users\benav\.m2\repository\org\jboss\logging\jboss-logging-annotations\2.2.1.Final\jboss-logging-annotations-2.2.1.Final.jar;C:\Users\benav\.m2\repository\org\jboss\threads\jboss-threads\3.4.2.Final\jboss-threads-3.4.2.Final.jar;C:\Users\benav\.m2\repository\org\slf4j\slf4j-api\1.7.30\slf4j-api-1.7.30.jar;C:\Users\benav\.m2\repository\org\jboss\slf4j\slf4j-jboss-logmanager\1.1.0.Final\slf4j-jboss-logmanager-1.1.0.Final.jar;C:\Users\benav\.m2\repository\org\graalvm\sdk\graal-sdk\21.2.0\graal-sdk-21.2.0.jar;C:\Users\benav\.m2\repository\org\wildfly\common\wildfly-common\1.5.4.Final-format-001\wildfly-common-1.5.4.Final-format-001.jar;C:\Users\benav\.m2\repository\io\quarkus\quarkus-bootstrap-runner\2.3.0.Final\quarkus-bootstrap-runner-2.3.0.Final.jar;C:\Users\benav\.m2\repository\io\quarkus\quarkus-vertx-http\2.3.0.Final\quarkus-vertx-http-2.3.0.Final.jar;C:\Users\benav\.m2\repository\io\quarkus\quarkus-security-runtime-spi\2.3.0.Final\quarkus-security-runtime-spi-2.3.0.Final.jar;C:\Users\benav\.m2\repository\io\quarkus\quarkus-mutiny\2.3.0.Final\quarkus-mutiny-2.3.0.Final.jar;C:\Users\benav\.m2\repository\io\smallrye\reactive\mutiny\1.0.0\mutiny-1.0.0.jar;C:\Users\benav\.m2\repository\org\reactivestreams\reactive-streams\1.0.3\reactive-streams-1.0.3.jar;C:\Users\benav\.m2\repository\io\quarkus\quarkus-smallrye-context-propagation\2.3.0.Final\quarkus-smallrye-context-propagation-2.3.0.Final.jar;C:\Users\benav\.m2\repository\io\smallrye\smallrye-context-propagation\1.2.0\smallrye-context-propagation-1.2.0.jar;C:\Users\benav\.m2\repository\io\smallrye\smallrye-context-propagation-api\1.2.0\smallrye-context-propagation-api-1.2.0.jar;C:\Users\benav\.m2\repository\io\smallrye\smallrye-context-propagation-storage\1.2.0\smallrye-context-propagation-storage-1.2.0.jar;C:\Users\benav\.m2\repository\io\smallrye\reactive\mutiny-smallrye-context-propagation\1.0.0\mutiny-smallrye-context-propagation-1.0.0.jar;C:\Users\benav\.m2\repository\io\quarkus\quarkus-vertx-http-dev-console-runtime-spi\2.3.0.Final\quarkus-vertx-http-dev-console-runtime-spi-2.3.0.Final.jar;C:\Users\benav\.m2\repository\io\quarkus\security\quarkus-security\1.1.4.Final\quarkus-security-1.1.4.Final.jar;C:\Users\benav\.m2\repository\io\smallrye\reactive\smallrye-mutiny-vertx-web\2.13.0\smallrye-mutiny-vertx-web-2.13.0.jar;C:\Users\benav\.m2\repository\io\smallrye\reactive\smallrye-mutiny-vertx-web-common\2.13.0\smallrye-mutiny-vertx-web-common-2.13.0.jar;C:\Users\benav\.m2\repository\io\smallrye\reactive\smallrye-mutiny-vertx-auth-common\2.13.0\smallrye-mutiny-vertx-auth-common-2.13.0.jar;C:\Users\benav\.m2\repository\io\smallrye\reactive\smallrye-mutiny-vertx-bridge-common\2.13.0\smallrye-mutiny-vertx-bridge-common-2.13.0.jar;C:\Users\benav\.m2\repository\io\vertx\vertx-web\4.1.4\vertx-web-4.1.4.jar;C:\Users\benav\.m2\repository\io\vertx\vertx-web-common\4.1.4\vertx-web-common-4.1.4.jar;C:\Users\benav\.m2\repository\io\vertx\vertx-auth-common\4.1.4\vertx-auth-common-4.1.4.jar;C:\Users\benav\.m2\repository\io\vertx\vertx-bridge-common\4.1.4\vertx-bridge-common-4.1.4.jar;C:\Users\benav\.m2\repository\io\quarkus\quarkus-swagger-ui\2.3.0.Final\quarkus-swagger-ui-2.3.0.Final.jar;C:\Users\benav\.m2\repository\io\quarkus\quarkus-resteasy-reactive-jackson\2.3.0.Final\quarkus-resteasy-reactive-jackson-2.3.0.Final.jar;C:\Users\benav\.m2\repository\io\quarkus\quarkus-resteasy-reactive-jackson-common\2.3.0.Final\quarkus-resteasy-reactive-jackson-common-2.3.0.Final.jar;C:\Users\benav\.m2\repository\io\quarkus\quarkus-jackson\2.3.0.Final\quarkus-jackson-2.3.0.Final.jar;C:\Users\benav\.m2\repository\com\fasterxml\jackson\datatype\jackson-datatype-jsr310\2.12.5\jackson-datatype-jsr310-2.12.5.jar;C:\Users\benav\.m2\repository\com\fasterxml\jackson\datatype\jackson-datatype-jdk8\2.12.5\jackson-datatype-jdk8-2.12.5.jar;C:\Users\benav\.m2\repository\com\fasterxml\jackson\module\jackson-module-parameter-names\2.12.5\jackson-module-parameter-names-2.12.5.jar;C:\Users\benav\.m2\repository\io\quarkus\quarkus-hibernate-validator\2.3.0.Final\quarkus-hibernate-validator-2.3.0.Final.jar;C:\Users\benav\.m2\repository\org\hibernate\validator\hibernate-validator\6.2.0.Final\hibernate-validator-6.2.0.Final.jar;C:\Users\benav\.m2\repository\jakarta\validation\jakarta.validation-api\2.0.2\jakarta.validation-api-2.0.2.jar;C:\Users\benav\.m2\repository\com\fasterxml\classmate\1.5.1\classmate-1.5.1.jar;C:\Users\benav\.m2\repository\org\glassfish\jakarta.el\3.0.4\jakarta.el-3.0.4.jar;C:\Users\benav\.m2\repository\io\smallrye\config\smallrye-config-validator\2.5.1\smallrye-config-validator-2.5.1.jar;C:\Users\benav\.m2\repository\io\quarkus\quarkus-reactive-pg-client\2.3.0.Final\quarkus-reactive-pg-client-2.3.0.Final.jar;C:\Users\benav\.m2\repository\io\quarkus\quarkus-reactive-datasource\2.3.0.Final\quarkus-reactive-datasource-2.3.0.Final.jar;C:\Users\benav\.m2\repository\io\quarkus\quarkus-datasource\2.3.0.Final\quarkus-datasource-2.3.0.Final.jar;C:\Users\benav\.m2\repository\io\quarkus\quarkus-datasource-common\2.3.0.Final\quarkus-datasource-common-2.3.0.Final.jar;C:\Users\benav\.m2\repository\io\vertx\vertx-sql-client\4.1.4\vertx-sql-client-4.1.4.jar;C:\Users\benav\.m2\repository\io\quarkus\quarkus-vertx\2.3.0.Final\quarkus-vertx-2.3.0.Final.jar;C:\Users\benav\.m2\repository\io\quarkus\quarkus-netty\2.3.0.Final\quarkus-netty-2.3.0.Final.jar;C:\Users\benav\.m2\repository\io\netty\netty-codec\4.1.68.Final\netty-codec-4.1.68.Final.jar;C:\Users\benav\.m2\repository\io\netty\netty-codec-http\4.1.68.Final\netty-codec-http-4.1.68.Final.jar;C:\Users\benav\.m2\repository\io\netty\netty-codec-http2\4.1.68.Final\netty-codec-http2-4.1.68.Final.jar;C:\Users\benav\.m2\repository\io\netty\netty-handler\4.1.68.Final\netty-handler-4.1.68.Final.jar;C:\Users\benav\.m2\repository\io\netty\netty-codec-haproxy\4.1.68.Final\netty-codec-haproxy-4.1.68.Final.jar;C:\Users\benav\.m2\repository\io\netty\netty-buffer\4.1.68.Final\netty-buffer-4.1.68.Final.jar;C:\Users\benav\.m2\repository\io\netty\netty-transport\4.1.68.Final\netty-transport-4.1.68.Final.jar;C:\Users\benav\.m2\repository\io\smallrye\common\smallrye-common-annotation\1.6.0\smallrye-common-annotation-1.6.0.jar;C:\Users\benav\.m2\repository\io\smallrye\reactive\smallrye-mutiny-vertx-core\2.13.0\smallrye-mutiny-vertx-core-2.13.0.jar;C:\Users\benav\.m2\repository\io\smallrye\reactive\smallrye-mutiny-vertx-runtime\2.13.0\smallrye-mutiny-vertx-runtime-2.13.0.jar;C:\Users\benav\.m2\repository\io\smallrye\reactive\vertx-mutiny-generator\2.13.0\vertx-mutiny-generator-2.13.0.jar;C:\Users\benav\.m2\repository\io\vertx\vertx-codegen\4.1.4\vertx-codegen-4.1.4.jar;C:\Users\benav\.m2\repository\io\smallrye\smallrye-fault-tolerance-vertx\5.2.1\smallrye-fault-tolerance-vertx-5.2.1.jar;C:\Users\benav\.m2\repository\io\vertx\vertx-pg-client\4.1.4\vertx-pg-client-4.1.4.jar;C:\Users\benav\.m2\repository\io\vertx\vertx-core\4.1.4\vertx-core-4.1.4.jar;C:\Users\benav\.m2\repository\io\netty\netty-common\4.1.68.Final\netty-common-4.1.68.Final.jar;C:\Users\benav\.m2\repository\io\netty\netty-handler-proxy\4.1.68.Final\netty-handler-proxy-4.1.68.Final.jar;C:\Users\benav\.m2\repository\io\netty\netty-codec-socks\4.1.68.Final\netty-codec-socks-4.1.68.Final.jar;C:\Users\benav\.m2\repository\io\netty\netty-resolver\4.1.68.Final\netty-resolver-4.1.68.Final.jar;C:\Users\benav\.m2\repository\io\netty\netty-resolver-dns\4.1.68.Final\netty-resolver-dns-4.1.68.Final.jar;C:\Users\benav\.m2\repository\io\netty\netty-codec-dns\4.1.68.Final\netty-codec-dns-4.1.68.Final.jar;C:\Users\benav\.m2\repository\com\ongres\scram\client\2.1\client-2.1.jar;C:\Users\benav\.m2\repository\com\ongres\scram\common\2.1\common-2.1.jar;C:\Users\benav\.m2\repository\com\ongres\stringprep\saslprep\1.1\saslprep-1.1.jar;C:\Users\benav\.m2\repository\com\ongres\stringprep\stringprep\1.1\stringprep-1.1.jar;C:\Users\benav\.m2\repository\io\smallrye\reactive\smallrye-mutiny-vertx-pg-client\2.13.0\smallrye-mutiny-vertx-pg-client-2.13.0.jar;C:\Users\benav\.m2\repository\io\smallrye\reactive\smallrye-mutiny-vertx-sql-client\2.13.0\smallrye-mutiny-vertx-sql-client-2.13.0.jar;C:\Users\benav\.m2\repository\io\quarkus\quarkus-credentials\2.3.0.Final\quarkus-credentials-2.3.0.Final.jar;C:\Users\benav\.m2\repository\io\quarkus\quarkus-hibernate-reactive-panache\2.3.0.Final\quarkus-hibernate-reactive-panache-2.3.0.Final.jar;C:\Users\benav\.m2\repository\io\quarkus\quarkus-hibernate-reactive\2.3.0.Final\quarkus-hibernate-reactive-2.3.0.Final.jar;C:\Users\benav\.m2\repository\io\quarkus\quarkus-hibernate-orm\2.3.0.Final\quarkus-hibernate-orm-2.3.0.Final.jar;C:\Users\benav\.m2\repository\org\hibernate\hibernate-core\5.6.0.Beta2\hibernate-core-5.6.0.Beta2.jar;C:\Users\benav\.m2\repository\net\bytebuddy\byte-buddy\1.11.16\byte-buddy-1.11.16.jar;C:\Users\benav\.m2\repository\antlr\antlr\2.7.7\antlr-2.7.7.jar;C:\Users\benav\.m2\repository\org\hibernate\common\hibernate-commons-annotations\5.1.2.Final\hibernate-commons-annotations-5.1.2.Final.jar;C:\Users\benav\.m2\repository\org\hibernate\hibernate-graalvm\5.6.0.Beta2\hibernate-graalvm-5.6.0.Beta2.jar;C:\Users\benav\.m2\repository\org\glassfish\jaxb\jaxb-runtime\2.3.3-b02\jaxb-runtime-2.3.3-b02.jar;C:\Users\benav\.m2\repository\org\glassfish\jaxb\txw2\2.3.3-b02\txw2-2.3.3-b02.jar;C:\Users\benav\.m2\repository\com\sun\istack\istack-commons-runtime\3.0.10\istack-commons-runtime-3.0.10.jar;C:\Users\benav\.m2\repository\com\sun\activation\jakarta.activation\1.2.1\jakarta.activation-1.2.1.jar;C:\Users\benav\.m2\repository\org\jboss\spec\javax\xml\bind\jboss-jaxb-api_2.3_spec\2.0.0.Final\jboss-jaxb-api_2.3_spec-2.0.0.Final.jar;C:\Users\benav\.m2\repository\jakarta\persistence\jakarta.persistence-api\2.2.3\jakarta.persistence-api-2.2.3.jar;C:\Users\benav\.m2\repository\org\hibernate\quarkus-local-cache\0.1.0\quarkus-local-cache-0.1.0.jar;C:\Users\benav\.m2\repository\com\github\ben-manes\caffeine\caffeine\2.9.2\caffeine-2.9.2.jar;C:\Users\benav\.m2\repository\com\google\errorprone\error_prone_annotations\2.2.0\error_prone_annotations-2.2.0.jar;C:\Users\benav\.m2\repository\io\quarkus\quarkus-caffeine\2.3.0.Final\quarkus-caffeine-2.3.0.Final.jar;C:\Users\benav\.m2\repository\org\hibernate\reactive\hibernate-reactive-core\1.0.0.CR9\hibernate-reactive-core-1.0.0.CR9.jar;C:\Users\benav\.m2\repository\com\ibm\async\asyncutil\0.1.0\asyncutil-0.1.0.jar;C:\Users\benav\.m2\repository\io\quarkus\quarkus-hibernate-reactive-panache-common\2.3.0.Final\quarkus-hibernate-reactive-panache-common-2.3.0.Final.jar;C:\Users\benav\.m2\repository\io\quarkus\quarkus-panache-common\2.3.0.Final\quarkus-panache-common-2.3.0.Final.jar;C:\Users\benav\.m2\repository\io\quarkus\quarkus-panache-hibernate-common\2.3.0.Final\quarkus-panache-hibernate-common-2.3.0.Final.jar;C:\Users\benav\.m2\repository\io\quarkus\quarkus-arc\2.3.0.Final\quarkus-arc-2.3.0.Final.jar;C:\Users\benav\.m2\repository\io\quarkus\arc\arc\2.3.0.Final\arc-2.3.0.Final.jar;C:\Users\benav\.m2\repository\jakarta\transaction\jakarta.transaction-api\1.3.3\jakarta.transaction-api-1.3.3.jar;C:\Users\benav\.m2\repository\org\eclipse\microprofile\context-propagation\microprofile-context-propagation-api\1.2\microprofile-context-propagation-api-1.2.jar;C:\Users\benav\.m2\repository\io\quarkus\quarkus-resteasy-reactive\2.3.0.Final\quarkus-resteasy-reactive-2.3.0.Final.jar;C:\Users\benav\.m2\repository\org\jboss\spec\javax\ws\rs\jboss-jaxrs-api_2.1_spec\2.0.1.Final\jboss-jaxrs-api_2.1_spec-2.0.1.Final.jar;C:\Users\benav\.m2\repository\io\quarkus\quarkus-resteasy-reactive-server-common\2.3.0.Final\quarkus-resteasy-reactive-server-common-2.3.0.Final.jar;C:\Users\benav\.m2\repository\io\quarkus\resteasy\reactive\resteasy-reactive\2.3.0.Final\resteasy-reactive-2.3.0.Final.jar;C:\Users\benav\.m2\repository\io\quarkus\resteasy\reactive\resteasy-reactive-vertx\2.3.0.Final\resteasy-reactive-vertx-2.3.0.Final.jar;C:\Users\benav\.m2\repository\io\quarkus\quarkus-resteasy-reactive-common\2.3.0.Final\quarkus-resteasy-reactive-common-2.3.0.Final.jar;C:\Users\benav\.m2\repository\io\quarkus\resteasy\reactive\resteasy-reactive-common\2.3.0.Final\resteasy-reactive-common-2.3.0.Final.jar;C:\Users\benav\.m2\repository\io\quarkus\quarkus-jsonp\2.3.0.Final\quarkus-jsonp-2.3.0.Final.jar;C:\Users\benav\.m2\repository\org\glassfish\jakarta.json\1.1.6\jakarta.json-1.1.6.jar;C:\Users\benav\.m2\repository\io\quarkus\quarkus-smallrye-health\2.3.0.Final\quarkus-smallrye-health-2.3.0.Final.jar;C:\Users\benav\.m2\repository\io\smallrye\smallrye-health\3.1.1\smallrye-health-3.1.1.jar;C:\Users\benav\.m2\repository\org\eclipse\microprofile\health\microprofile-health-api\3.1\microprofile-health-api-3.1.jar;C:\Users\benav\.m2\repository\io\smallrye\smallrye-health-api\3.1.1\smallrye-health-api-3.1.1.jar;C:\Users\benav\.m2\repository\io\smallrye\smallrye-health-provided-checks\3.1.1\smallrye-health-provided-checks-3.1.1.jar;C:\Users\benav\.m2\repository\io\quarkus\quarkus-openshift\2.3.0.Final\quarkus-openshift-2.3.0.Final.jar;C:\Users\benav\.m2\repository\io\quarkus\quarkus-kubernetes-client-internal\2.3.0.Final\quarkus-kubernetes-client-internal-2.3.0.Final.jar;C:\Users\benav\.m2\repository\io\quarkus\quarkus-container-image-openshift\2.3.0.Final\quarkus-container-image-openshift-2.3.0.Final.jar;C:\Users\benav\.m2\repository\io\quarkus\quarkus-container-image\2.3.0.Final\quarkus-container-image-2.3.0.Final.jar;C:\Users\benav\.m2\repository\io\quarkus\quarkus-kubernetes\2.3.0.Final\quarkus-kubernetes-2.3.0.Final.jar;C:\Users\benav\.m2\repository\io\quarkus\quarkus-micrometer-registry-prometheus\2.3.0.Final\quarkus-micrometer-registry-prometheus-2.3.0.Final.jar;C:\Users\benav\.m2\repository\io\quarkus\quarkus-micrometer\2.3.0.Final\quarkus-micrometer-2.3.0.Final.jar;C:\Users\benav\.m2\repository\io\micrometer\micrometer-core\1.7.4\micrometer-core-1.7.4.jar;C:\Users\benav\.m2\repository\org\hdrhistogram\HdrHistogram\2.1.12\HdrHistogram-2.1.12.jar;C:\Users\benav\.m2\repository\org\latencyutils\LatencyUtils\2.0.3\LatencyUtils-2.0.3.jar;C:\Users\benav\.m2\repository\io\micrometer\micrometer-registry-prometheus\1.7.4\micrometer-registry-prometheus-1.7.4.jar;C:\Users\benav\.m2\repository\io\prometheus\simpleclient_common\0.10.0\simpleclient_common-0.10.0.jar;C:\Users\benav\.m2\repository\io\prometheus\simpleclient\0.10.0\simpleclient-0.10.0.jar;C:\Users\benav\.m2\repository\io\quarkus\quarkus-junit5\2.3.0.Final\quarkus-junit5-2.3.0.Final.jar;C:\Users\benav\.m2\repository\io\quarkus\quarkus-bootstrap-core\2.3.0.Final\quarkus-bootstrap-core-2.3.0.Final.jar;C:\Users\benav\.m2\repository\io\quarkus\quarkus-bootstrap-app-model\2.3.0.Final\quarkus-bootstrap-app-model-2.3.0.Final.jar;C:\Users\benav\.m2\repository\io\quarkus\quarkus-bootstrap-maven-resolver\2.3.0.Final\quarkus-bootstrap-maven-resolver-2.3.0.Final.jar;C:\Users\benav\.m2\repository\org\apache\maven\maven-embedder\3.8.1\maven-embedder-3.8.1.jar;C:\Users\benav\.m2\repository\org\apache\maven\maven-settings\3.8.1\maven-settings-3.8.1.jar;C:\Users\benav\.m2\repository\org\apache\maven\maven-core\3.8.1\maven-core-3.8.1.jar;C:\Users\benav\.m2\repository\org\apache\maven\maven-artifact\3.8.1\maven-artifact-3.8.1.jar;C:\Users\benav\.m2\repository\org\codehaus\plexus\plexus-component-annotations\2.1.0\plexus-component-annotations-2.1.0.jar;C:\Users\benav\.m2\repository\org\apache\maven\maven-plugin-api\3.8.1\maven-plugin-api-3.8.1.jar;C:\Users\benav\.m2\repository\org\apache\maven\maven-model\3.8.1\maven-model-3.8.1.jar;C:\Users\benav\.m2\repository\org\apache\maven\maven-model-builder\3.8.1\maven-model-builder-3.8.1.jar;C:\Users\benav\.m2\repository\org\apache\maven\maven-builder-support\3.8.1\maven-builder-support-3.8.1.jar;C:\Users\benav\.m2\repository\org\apache\maven\resolver\maven-resolver-api\1.6.2\maven-resolver-api-1.6.2.jar;C:\Users\benav\.m2\repository\org\apache\maven\resolver\maven-resolver-util\1.6.2\maven-resolver-util-1.6.2.jar;C:\Users\benav\.m2\repository\org\apache\maven\shared\maven-shared-utils\3.3.3\maven-shared-utils-3.3.3.jar;C:\Users\benav\.m2\repository\commons-io\commons-io\2.11.0\commons-io-2.11.0.jar;C:\Users\benav\.m2\repository\com\google\inject\guice\4.2.1\guice-4.2.1-no_aop.jar;C:\Users\benav\.m2\repository\com\google\guava\guava\30.1.1-jre\guava-30.1.1-jre.jar;C:\Users\benav\.m2\repository\com\google\guava\failureaccess\1.0.1\failureaccess-1.0.1.jar;C:\Users\benav\.m2\repository\com\google\guava\listenablefuture\9999.0-empty-to-avoid-conflict-with-guava\listenablefuture-9999.0-empty-to-avoid-conflict-with-guava.jar;C:\Users\benav\.m2\repository\org\codehaus\plexus\plexus-utils\3.2.1\plexus-utils-3.2.1.jar;C:\Users\benav\.m2\repository\org\codehaus\plexus\plexus-classworlds\2.6.0\plexus-classworlds-2.6.0.jar;C:\Users\benav\.m2\repository\commons-cli\commons-cli\1.4\commons-cli-1.4.jar;C:\Users\benav\.m2\repository\org\eclipse\sisu\org.eclipse.sisu.plexus\0.3.4\org.eclipse.sisu.plexus-0.3.4.jar;C:\Users\benav\.m2\repository\org\apache\maven\maven-settings-builder\3.8.1\maven-settings-builder-3.8.1.jar;C:\Users\benav\.m2\repository\org\codehaus\plexus\plexus-interpolation\1.25\plexus-interpolation-1.25.jar;C:\Users\benav\.m2\repository\org\sonatype\plexus\plexus-sec-dispatcher\1.4\plexus-sec-dispatcher-1.4.jar;C:\Users\benav\.m2\repository\org\sonatype\plexus\plexus-cipher\1.4\plexus-cipher-1.4.jar;C:\Users\benav\.m2\repository\org\apache\maven\maven-resolver-provider\3.8.1\maven-resolver-provider-3.8.1.jar;C:\Users\benav\.m2\repository\org\apache\maven\maven-repository-metadata\3.8.1\maven-repository-metadata-3.8.1.jar;C:\Users\benav\.m2\repository\org\apache\maven\resolver\maven-resolver-spi\1.6.2\maven-resolver-spi-1.6.2.jar;C:\Users\benav\.m2\repository\org\apache\maven\resolver\maven-resolver-impl\1.6.2\maven-resolver-impl-1.6.2.jar;C:\Users\benav\.m2\repository\org\apache\maven\resolver\maven-resolver-connector-basic\1.6.2\maven-resolver-connector-basic-1.6.2.jar;C:\Users\benav\.m2\repository\org\apache\maven\resolver\maven-resolver-transport-wagon\1.6.2\maven-resolver-transport-wagon-1.6.2.jar;C:\Users\benav\.m2\repository\org\apache\maven\wagon\wagon-http\3.4.3\wagon-http-3.4.3.jar;C:\Users\benav\.m2\repository\org\apache\maven\wagon\wagon-http-shared\3.4.3\wagon-http-shared-3.4.3.jar;C:\Users\benav\.m2\repository\org\jsoup\jsoup\1.12.1\jsoup-1.12.1.jar;C:\Users\benav\.m2\repository\org\apache\maven\wagon\wagon-provider-api\3.4.3\wagon-provider-api-3.4.3.jar;C:\Users\benav\.m2\repository\org\apache\maven\wagon\wagon-file\3.4.3\wagon-file-3.4.3.jar;C:\Users\benav\.m2\repository\io\quarkus\quarkus-bootstrap-gradle-resolver\2.3.0.Final\quarkus-bootstrap-gradle-resolver-2.3.0.Final.jar;C:\Users\benav\.m2\repository\io\smallrye\common\smallrye-common-io\1.6.0\smallrye-common-io-1.6.0.jar;C:\Users\benav\.m2\repository\org\eclipse\sisu\org.eclipse.sisu.inject\0.3.4\org.eclipse.sisu.inject-0.3.4.jar;C:\Users\benav\.m2\repository\io\quarkus\quarkus-test-common\2.3.0.Final\quarkus-test-common-2.3.0.Final.jar;C:\Users\benav\.m2\repository\io\quarkus\quarkus-core-deployment\2.3.0.Final\quarkus-core-deployment-2.3.0.Final.jar;C:\Users\benav\.m2\repository\org\aesh\readline\2.1\readline-2.1.jar;C:\Users\benav\.m2\repository\org\fusesource\jansi\jansi\1.18\jansi-1.18.jar;C:\Users\benav\.m2\repository\io\quarkus\gizmo\gizmo\1.0.9.Final\gizmo-1.0.9.Final.jar;C:\Users\benav\.m2\repository\org\ow2\asm\asm-util\9.1\asm-util-9.1.jar;C:\Users\benav\.m2\repository\org\ow2\asm\asm\9.1\asm-9.1.jar;C:\Users\benav\.m2\repository\org\ow2\asm\asm-commons\9.1\asm-commons-9.1.jar;C:\Users\benav\.m2\repository\org\ow2\asm\asm-tree\9.1\asm-tree-9.1.jar;C:\Users\benav\.m2\repository\org\ow2\asm\asm-analysis\9.1\asm-analysis-9.1.jar;C:\Users\benav\.m2\repository\io\quarkus\quarkus-class-change-agent\2.3.0.Final\quarkus-class-change-agent-2.3.0.Final.jar;C:\Users\benav\.m2\repository\io\quarkus\quarkus-devtools-utilities\2.3.0.Final\quarkus-devtools-utilities-2.3.0.Final.jar;C:\Users\benav\.m2\repository\io\quarkus\quarkus-builder\2.3.0.Final\quarkus-builder-2.3.0.Final.jar;C:\Users\benav\.m2\repository\org\junit\platform\junit-platform-launcher\1.8.0\junit-platform-launcher-1.8.0.jar;C:\Users\benav\.m2\repository\io\quarkus\quarkus-jsonp-deployment\2.3.0.Final\quarkus-jsonp-deployment-2.3.0.Final.jar;C:\Users\benav\.m2\repository\org\jboss\logging\commons-logging-jboss-logging\1.0.0.Final\commons-logging-jboss-logging-1.0.0.Final.jar;C:\Users\benav\.m2\repository\org\junit\jupiter\junit-jupiter\5.8.0\junit-jupiter-5.8.0.jar;C:\Users\benav\.m2\repository\org\junit\jupiter\junit-jupiter-api\5.8.0\junit-jupiter-api-5.8.0.jar;C:\Users\benav\.m2\repository\org\opentest4j\opentest4j\1.2.0\opentest4j-1.2.0.jar;C:\Users\benav\.m2\repository\org\junit\platform\junit-platform-commons\1.8.0\junit-platform-commons-1.8.0.jar;C:\Users\benav\.m2\repository\org\apiguardian\apiguardian-api\1.1.2\apiguardian-api-1.1.2.jar;C:\Users\benav\.m2\repository\org\junit\jupiter\junit-jupiter-params\5.8.0\junit-jupiter-params-5.8.0.jar;C:\Users\benav\.m2\repository\org\junit\jupiter\junit-jupiter-engine\5.8.0\junit-jupiter-engine-5.8.0.jar;C:\Users\benav\.m2\repository\org\junit\platform\junit-platform-engine\1.8.0\junit-platform-engine-1.8.0.jar;C:\Users\benav\.m2\repository\com\thoughtworks\xstream\xstream\1.4.18\xstream-1.4.18.jar;C:\Users\benav\.m2\repository\io\github\x-stream\mxparser\1.2.2\mxparser-1.2.2.jar;C:\Users\benav\.m2\repository\xmlpull\xmlpull\1.1.3.1\xmlpull-1.1.3.1.jar;C:\Users\benav\.m2\repository\io\rest-assured\rest-assured\4.4.0\rest-assured-4.4.0.jar;C:\Users\benav\.m2\repository\org\codehaus\groovy\groovy\3.0.8\groovy-3.0.8.jar;C:\Users\benav\.m2\repository\org\codehaus\groovy\groovy-xml\3.0.8\groovy-xml-3.0.8.jar;C:\Users\benav\.m2\repository\org\apache\httpcomponents\httpclient\4.5.13\httpclient-4.5.13.jar;C:\Users\benav\.m2\repository\org\apache\httpcomponents\httpcore\4.4.14\httpcore-4.4.14.jar;C:\Users\benav\.m2\repository\commons-codec\commons-codec\1.15\commons-codec-1.15.jar;C:\Users\benav\.m2\repository\org\apache\httpcomponents\httpmime\4.5.13\httpmime-4.5.13.jar;C:\Users\benav\.m2\repository\org\hamcrest\hamcrest\2.1\hamcrest-2.1.jar;C:\Users\benav\.m2\repository\org\ccil\cowan\tagsoup\tagsoup\1.2.1\tagsoup-1.2.1.jar;C:\Users\benav\.m2\repository\io\rest-assured\json-path\4.4.0\json-path-4.4.0.jar;C:\Users\benav\.m2\repository\org\codehaus\groovy\groovy-json\3.0.8\groovy-json-3.0.8.jar;C:\Users\benav\.m2\repository\io\rest-assured\rest-assured-common\4.4.0\rest-assured-common-4.4.0.jar;C:\Users\benav\.m2\repository\io\rest-assured\xml-path\4.4.0\xml-path-4.4.0.jar;C:\Users\benav\.m2\repository\org\apache\commons\commons-lang3\3.12.0\commons-lang3-3.12.0.jar;C:\Users\benav\.m2\repository\jakarta\xml\bind\jakarta.xml.bind-api\2.3.3\jakarta.xml.bind-api-2.3.3.jar;C:\Users\benav\.m2\repository\com\sun\xml\bind\jaxb-impl\2.3.3\jaxb-impl-2.3.3.jar;"/>
    <property name="java.vm.vendor" value="Oracle Corporation"/>
    <property name="sun.arch.data.model" value="64"/>
    <property name="user.variant" value=""/>
    <property name="java.vendor.url" value="https://java.oracle.com/"/>
    <property name="user.timezone" value="America/Bogota"/>
    <property name="os.name" value="Windows 11"/>
    <property name="java.vm.specification.version" value="17"/>
    <property name="sun.java.launcher" value="SUN_STANDARD"/>
    <property name="user.country" value="CO"/>
    <property name="mp.openapi.extensions.smallrye.defaultProduces" value="application/json"/>
    <property name="sun.boot.library.path" value="C:\Program Files\Java\jdk-17\bin"/>
    <property name="sun.java.command" value="C:\Users\benav\AppData\Local\Temp\surefire10853733044149053142\surefirebooter13303081994408138085.jar C:\Users\benav\AppData\Local\Temp\surefire10853733044149053142 2023-06-11T17-01-12_588-jvmRun1 surefire14628943594662359523tmp surefire_03493344475466588244tmp"/>
    <property name="jdk.debug" value="release"/>
    <property name="maven.home" value="C:\Users\benav\.m2\wrapper\dists\apache-maven-3.8.1-bin\2l5mhf2pq2clrde7f7qp1rdt5m\apache-maven-3.8.1"/>
    <property name="surefire.test.class.path" value="C:\Users\benav\quarkus\quarkus-super-heroes\rest-heroes\target\test-classes;C:\Users\benav\quarkus\quarkus-super-heroes\rest-heroes\target\classes;C:\Users\benav\.m2\repository\io\quarkus\quarkus-smallrye-openapi\2.3.0.Final\quarkus-smallrye-openapi-2.3.0.Final.jar;C:\Users\benav\.m2\repository\io\smallrye\smallrye-open-api-core\2.1.15\smallrye-open-api-core-2.1.15.jar;C:\Users\benav\.m2\repository\org\eclipse\microprofile\openapi\microprofile-openapi-api\2.0.1-RC1\microprofile-openapi-api-2.0.1-RC1.jar;C:\Users\benav\.m2\repository\org\eclipse\microprofile\config\microprofile-config-api\2.0\microprofile-config-api-2.0.jar;C:\Users\benav\.m2\repository\com\fasterxml\jackson\core\jackson-core\2.12.5\jackson-core-2.12.5.jar;C:\Users\benav\.m2\repository\com\fasterxml\jackson\core\jackson-databind\2.12.5\jackson-databind-2.12.5.jar;C:\Users\benav\.m2\repository\com\fasterxml\jackson\core\jackson-annotations\2.12.5\jackson-annotations-2.12.5.jar;C:\Users\benav\.m2\repository\com\fasterxml\jackson\dataformat\jackson-dataformat-yaml\2.12.5\jackson-dataformat-yaml-2.12.5.jar;C:\Users\benav\.m2\repository\org\yaml\snakeyaml\1.29\snakeyaml-1.29.jar;C:\Users\benav\.m2\repository\org\jboss\jandex\2.4.0.Final\jandex-2.4.0.Final.jar;C:\Users\benav\.m2\repository\org\jboss\logging\jboss-logging\3.4.2.Final\jboss-logging-3.4.2.Final.jar;C:\Users\benav\.m2\repository\io\quarkus\quarkus-core\2.3.0.Final\quarkus-core-2.3.0.Final.jar;C:\Users\benav\.m2\repository\jakarta\annotation\jakarta.annotation-api\1.3.5\jakarta.annotation-api-1.3.5.jar;C:\Users\benav\.m2\repository\jakarta\enterprise\jakarta.enterprise.cdi-api\2.0.2\jakarta.enterprise.cdi-api-2.0.2.jar;C:\Users\benav\.m2\repository\jakarta\el\jakarta.el-api\3.0.3\jakarta.el-api-3.0.3.jar;C:\Users\benav\.m2\repository\jakarta\interceptor\jakarta.interceptor-api\1.2.5\jakarta.interceptor-api-1.2.5.jar;C:\Users\benav\.m2\repository\jakarta\inject\jakarta.inject-api\1.0\jakarta.inject-api-1.0.jar;C:\Users\benav\.m2\repository\io\quarkus\quarkus-ide-launcher\2.3.0.Final\quarkus-ide-launcher-2.3.0.Final.jar;C:\Users\benav\.m2\repository\io\quarkus\quarkus-development-mode-spi\2.3.0.Final\quarkus-development-mode-spi-2.3.0.Final.jar;C:\Users\benav\.m2\repository\io\smallrye\config\smallrye-config\2.5.1\smallrye-config-2.5.1.jar;C:\Users\benav\.m2\repository\io\smallrye\config\smallrye-config-core\2.5.1\smallrye-config-core-2.5.1.jar;C:\Users\benav\.m2\repository\io\smallrye\common\smallrye-common-expression\1.6.0\smallrye-common-expression-1.6.0.jar;C:\Users\benav\.m2\repository\io\smallrye\common\smallrye-common-function\1.6.0\smallrye-common-function-1.6.0.jar;C:\Users\benav\.m2\repository\io\smallrye\common\smallrye-common-constraint\1.6.0\smallrye-common-constraint-1.6.0.jar;C:\Users\benav\.m2\repository\io\smallrye\common\smallrye-common-classloader\1.6.0\smallrye-common-classloader-1.6.0.jar;C:\Users\benav\.m2\repository\io\smallrye\config\smallrye-config-common\2.5.1\smallrye-config-common-2.5.1.jar;C:\Users\benav\.m2\repository\org\jboss\logmanager\jboss-logmanager-embedded\1.0.9\jboss-logmanager-embedded-1.0.9.jar;C:\Users\benav\.m2\repository\org\jboss\logging\jboss-logging-annotations\2.2.1.Final\jboss-logging-annotations-2.2.1.Final.jar;C:\Users\benav\.m2\repository\org\jboss\threads\jboss-threads\3.4.2.Final\jboss-threads-3.4.2.Final.jar;C:\Users\benav\.m2\repository\org\slf4j\slf4j-api\1.7.30\slf4j-api-1.7.30.jar;C:\Users\benav\.m2\repository\org\jboss\slf4j\slf4j-jboss-logmanager\1.1.0.Final\slf4j-jboss-logmanager-1.1.0.Final.jar;C:\Users\benav\.m2\repository\org\graalvm\sdk\graal-sdk\21.2.0\graal-sdk-21.2.0.jar;C:\Users\benav\.m2\repository\org\wildfly\common\wildfly-common\1.5.4.Final-format-001\wildfly-common-1.5.4.Final-format-001.jar;C:\Users\benav\.m2\repository\io\quarkus\quarkus-bootstrap-runner\2.3.0.Final\quarkus-bootstrap-runner-2.3.0.Final.jar;C:\Users\benav\.m2\repository\io\quarkus\quarkus-vertx-http\2.3.0.Final\quarkus-vertx-http-2.3.0.Final.jar;C:\Users\benav\.m2\repository\io\quarkus\quarkus-security-runtime-spi\2.3.0.Final\quarkus-security-runtime-spi-2.3.0.Final.jar;C:\Users\benav\.m2\repository\io\quarkus\quarkus-mutiny\2.3.0.Final\quarkus-mutiny-2.3.0.Final.jar;C:\Users\benav\.m2\repository\io\smallrye\reactive\mutiny\1.0.0\mutiny-1.0.0.jar;C:\Users\benav\.m2\repository\org\reactivestreams\reactive-streams\1.0.3\reactive-streams-1.0.3.jar;C:\Users\benav\.m2\repository\io\quarkus\quarkus-smallrye-context-propagation\2.3.0.Final\quarkus-smallrye-context-propagation-2.3.0.Final.jar;C:\Users\benav\.m2\repository\io\smallrye\smallrye-context-propagation\1.2.0\smallrye-context-propagation-1.2.0.jar;C:\Users\benav\.m2\repository\io\smallrye\smallrye-context-propagation-api\1.2.0\smallrye-context-propagation-api-1.2.0.jar;C:\Users\benav\.m2\repository\io\smallrye\smallrye-context-propagation-storage\1.2.0\smallrye-context-propagation-storage-1.2.0.jar;C:\Users\benav\.m2\repository\io\smallrye\reactive\mutiny-smallrye-context-propagation\1.0.0\mutiny-smallrye-context-propagation-1.0.0.jar;C:\Users\benav\.m2\repository\io\quarkus\quarkus-vertx-http-dev-console-runtime-spi\2.3.0.Final\quarkus-vertx-http-dev-console-runtime-spi-2.3.0.Final.jar;C:\Users\benav\.m2\repository\io\quarkus\security\quarkus-security\1.1.4.Final\quarkus-security-1.1.4.Final.jar;C:\Users\benav\.m2\repository\io\smallrye\reactive\smallrye-mutiny-vertx-web\2.13.0\smallrye-mutiny-vertx-web-2.13.0.jar;C:\Users\benav\.m2\repository\io\smallrye\reactive\smallrye-mutiny-vertx-web-common\2.13.0\smallrye-mutiny-vertx-web-common-2.13.0.jar;C:\Users\benav\.m2\repository\io\smallrye\reactive\smallrye-mutiny-vertx-auth-common\2.13.0\smallrye-mutiny-vertx-auth-common-2.13.0.jar;C:\Users\benav\.m2\repository\io\smallrye\reactive\smallrye-mutiny-vertx-bridge-common\2.13.0\smallrye-mutiny-vertx-bridge-common-2.13.0.jar;C:\Users\benav\.m2\repository\io\vertx\vertx-web\4.1.4\vertx-web-4.1.4.jar;C:\Users\benav\.m2\repository\io\vertx\vertx-web-common\4.1.4\vertx-web-common-4.1.4.jar;C:\Users\benav\.m2\repository\io\vertx\vertx-auth-common\4.1.4\vertx-auth-common-4.1.4.jar;C:\Users\benav\.m2\repository\io\vertx\vertx-bridge-common\4.1.4\vertx-bridge-common-4.1.4.jar;C:\Users\benav\.m2\repository\io\quarkus\quarkus-swagger-ui\2.3.0.Final\quarkus-swagger-ui-2.3.0.Final.jar;C:\Users\benav\.m2\repository\io\quarkus\quarkus-resteasy-reactive-jackson\2.3.0.Final\quarkus-resteasy-reactive-jackson-2.3.0.Final.jar;C:\Users\benav\.m2\repository\io\quarkus\quarkus-resteasy-reactive-jackson-common\2.3.0.Final\quarkus-resteasy-reactive-jackson-common-2.3.0.Final.jar;C:\Users\benav\.m2\repository\io\quarkus\quarkus-jackson\2.3.0.Final\quarkus-jackson-2.3.0.Final.jar;C:\Users\benav\.m2\repository\com\fasterxml\jackson\datatype\jackson-datatype-jsr310\2.12.5\jackson-datatype-jsr310-2.12.5.jar;C:\Users\benav\.m2\repository\com\fasterxml\jackson\datatype\jackson-datatype-jdk8\2.12.5\jackson-datatype-jdk8-2.12.5.jar;C:\Users\benav\.m2\repository\com\fasterxml\jackson\module\jackson-module-parameter-names\2.12.5\jackson-module-parameter-names-2.12.5.jar;C:\Users\benav\.m2\repository\io\quarkus\quarkus-hibernate-validator\2.3.0.Final\quarkus-hibernate-validator-2.3.0.Final.jar;C:\Users\benav\.m2\repository\org\hibernate\validator\hibernate-validator\6.2.0.Final\hibernate-validator-6.2.0.Final.jar;C:\Users\benav\.m2\repository\jakarta\validation\jakarta.validation-api\2.0.2\jakarta.validation-api-2.0.2.jar;C:\Users\benav\.m2\repository\com\fasterxml\classmate\1.5.1\classmate-1.5.1.jar;C:\Users\benav\.m2\repository\org\glassfish\jakarta.el\3.0.4\jakarta.el-3.0.4.jar;C:\Users\benav\.m2\repository\io\smallrye\config\smallrye-config-validator\2.5.1\smallrye-config-validator-2.5.1.jar;C:\Users\benav\.m2\repository\io\quarkus\quarkus-reactive-pg-client\2.3.0.Final\quarkus-reactive-pg-client-2.3.0.Final.jar;C:\Users\benav\.m2\repository\io\quarkus\quarkus-reactive-datasource\2.3.0.Final\quarkus-reactive-datasource-2.3.0.Final.jar;C:\Users\benav\.m2\repository\io\quarkus\quarkus-datasource\2.3.0.Final\quarkus-datasource-2.3.0.Final.jar;C:\Users\benav\.m2\repository\io\quarkus\quarkus-datasource-common\2.3.0.Final\quarkus-datasource-common-2.3.0.Final.jar;C:\Users\benav\.m2\repository\io\vertx\vertx-sql-client\4.1.4\vertx-sql-client-4.1.4.jar;C:\Users\benav\.m2\repository\io\quarkus\quarkus-vertx\2.3.0.Final\quarkus-vertx-2.3.0.Final.jar;C:\Users\benav\.m2\repository\io\quarkus\quarkus-netty\2.3.0.Final\quarkus-netty-2.3.0.Final.jar;C:\Users\benav\.m2\repository\io\netty\netty-codec\4.1.68.Final\netty-codec-4.1.68.Final.jar;C:\Users\benav\.m2\repository\io\netty\netty-codec-http\4.1.68.Final\netty-codec-http-4.1.68.Final.jar;C:\Users\benav\.m2\repository\io\netty\netty-codec-http2\4.1.68.Final\netty-codec-http2-4.1.68.Final.jar;C:\Users\benav\.m2\repository\io\netty\netty-handler\4.1.68.Final\netty-handler-4.1.68.Final.jar;C:\Users\benav\.m2\repository\io\netty\netty-codec-haproxy\4.1.68.Final\netty-codec-haproxy-4.1.68.Final.jar;C:\Users\benav\.m2\repository\io\netty\netty-buffer\4.1.68.Final\netty-buffer-4.1.68.Final.jar;C:\Users\benav\.m2\repository\io\netty\netty-transport\4.1.68.Final\netty-transport-4.1.68.Final.jar;C:\Users\benav\.m2\repository\io\smallrye\common\smallrye-common-annotation\1.6.0\smallrye-common-annotation-1.6.0.jar;C:\Users\benav\.m2\repository\io\smallrye\reactive\smallrye-mutiny-vertx-core\2.13.0\smallrye-mutiny-vertx-core-2.13.0.jar;C:\Users\benav\.m2\repository\io\smallrye\reactive\smallrye-mutiny-vertx-runtime\2.13.0\smallrye-mutiny-vertx-runtime-2.13.0.jar;C:\Users\benav\.m2\repository\io\smallrye\reactive\vertx-mutiny-generator\2.13.0\vertx-mutiny-generator-2.13.0.jar;C:\Users\benav\.m2\repository\io\vertx\vertx-codegen\4.1.4\vertx-codegen-4.1.4.jar;C:\Users\benav\.m2\repository\io\smallrye\smallrye-fault-tolerance-vertx\5.2.1\smallrye-fault-tolerance-vertx-5.2.1.jar;C:\Users\benav\.m2\repository\io\vertx\vertx-pg-client\4.1.4\vertx-pg-client-4.1.4.jar;C:\Users\benav\.m2\repository\io\vertx\vertx-core\4.1.4\vertx-core-4.1.4.jar;C:\Users\benav\.m2\repository\io\netty\netty-common\4.1.68.Final\netty-common-4.1.68.Final.jar;C:\Users\benav\.m2\repository\io\netty\netty-handler-proxy\4.1.68.Final\netty-handler-proxy-4.1.68.Final.jar;C:\Users\benav\.m2\repository\io\netty\netty-codec-socks\4.1.68.Final\netty-codec-socks-4.1.68.Final.jar;C:\Users\benav\.m2\repository\io\netty\netty-resolver\4.1.68.Final\netty-resolver-4.1.68.Final.jar;C:\Users\benav\.m2\repository\io\netty\netty-resolver-dns\4.1.68.Final\netty-resolver-dns-4.1.68.Final.jar;C:\Users\benav\.m2\repository\io\netty\netty-codec-dns\4.1.68.Final\netty-codec-dns-4.1.68.Final.jar;C:\Users\benav\.m2\repository\com\ongres\scram\client\2.1\client-2.1.jar;C:\Users\benav\.m2\repository\com\ongres\scram\common\2.1\common-2.1.jar;C:\Users\benav\.m2\repository\com\ongres\stringprep\saslprep\1.1\saslprep-1.1.jar;C:\Users\benav\.m2\repository\com\ongres\stringprep\stringprep\1.1\stringprep-1.1.jar;C:\Users\benav\.m2\repository\io\smallrye\reactive\smallrye-mutiny-vertx-pg-client\2.13.0\smallrye-mutiny-vertx-pg-client-2.13.0.jar;C:\Users\benav\.m2\repository\io\smallrye\reactive\smallrye-mutiny-vertx-sql-client\2.13.0\smallrye-mutiny-vertx-sql-client-2.13.0.jar;C:\Users\benav\.m2\repository\io\quarkus\quarkus-credentials\2.3.0.Final\quarkus-credentials-2.3.0.Final.jar;C:\Users\benav\.m2\repository\io\quarkus\quarkus-hibernate-reactive-panache\2.3.0.Final\quarkus-hibernate-reactive-panache-2.3.0.Final.jar;C:\Users\benav\.m2\repository\io\quarkus\quarkus-hibernate-reactive\2.3.0.Final\quarkus-hibernate-reactive-2.3.0.Final.jar;C:\Users\benav\.m2\repository\io\quarkus\quarkus-hibernate-orm\2.3.0.Final\quarkus-hibernate-orm-2.3.0.Final.jar;C:\Users\benav\.m2\repository\org\hibernate\hibernate-core\5.6.0.Beta2\hibernate-core-5.6.0.Beta2.jar;C:\Users\benav\.m2\repository\net\bytebuddy\byte-buddy\1.11.16\byte-buddy-1.11.16.jar;C:\Users\benav\.m2\repository\antlr\antlr\2.7.7\antlr-2.7.7.jar;C:\Users\benav\.m2\repository\org\hibernate\common\hibernate-commons-annotations\5.1.2.Final\hibernate-commons-annotations-5.1.2.Final.jar;C:\Users\benav\.m2\repository\org\hibernate\hibernate-graalvm\5.6.0.Beta2\hibernate-graalvm-5.6.0.Beta2.jar;C:\Users\benav\.m2\repository\org\glassfish\jaxb\jaxb-runtime\2.3.3-b02\jaxb-runtime-2.3.3-b02.jar;C:\Users\benav\.m2\repository\org\glassfish\jaxb\txw2\2.3.3-b02\txw2-2.3.3-b02.jar;C:\Users\benav\.m2\repository\com\sun\istack\istack-commons-runtime\3.0.10\istack-commons-runtime-3.0.10.jar;C:\Users\benav\.m2\repository\com\sun\activation\jakarta.activation\1.2.1\jakarta.activation-1.2.1.jar;C:\Users\benav\.m2\repository\org\jboss\spec\javax\xml\bind\jboss-jaxb-api_2.3_spec\2.0.0.Final\jboss-jaxb-api_2.3_spec-2.0.0.Final.jar;C:\Users\benav\.m2\repository\jakarta\persistence\jakarta.persistence-api\2.2.3\jakarta.persistence-api-2.2.3.jar;C:\Users\benav\.m2\repository\org\hibernate\quarkus-local-cache\0.1.0\quarkus-local-cache-0.1.0.jar;C:\Users\benav\.m2\repository\com\github\ben-manes\caffeine\caffeine\2.9.2\caffeine-2.9.2.jar;C:\Users\benav\.m2\repository\com\google\errorprone\error_prone_annotations\2.2.0\error_prone_annotations-2.2.0.jar;C:\Users\benav\.m2\repository\io\quarkus\quarkus-caffeine\2.3.0.Final\quarkus-caffeine-2.3.0.Final.jar;C:\Users\benav\.m2\repository\org\hibernate\reactive\hibernate-reactive-core\1.0.0.CR9\hibernate-reactive-core-1.0.0.CR9.jar;C:\Users\benav\.m2\repository\com\ibm\async\asyncutil\0.1.0\asyncutil-0.1.0.jar;C:\Users\benav\.m2\repository\io\quarkus\quarkus-hibernate-reactive-panache-common\2.3.0.Final\quarkus-hibernate-reactive-panache-common-2.3.0.Final.jar;C:\Users\benav\.m2\repository\io\quarkus\quarkus-panache-common\2.3.0.Final\quarkus-panache-common-2.3.0.Final.jar;C:\Users\benav\.m2\repository\io\quarkus\quarkus-panache-hibernate-common\2.3.0.Final\quarkus-panache-hibernate-common-2.3.0.Final.jar;C:\Users\benav\.m2\repository\io\quarkus\quarkus-arc\2.3.0.Final\quarkus-arc-2.3.0.Final.jar;C:\Users\benav\.m2\repository\io\quarkus\arc\arc\2.3.0.Final\arc-2.3.0.Final.jar;C:\Users\benav\.m2\repository\jakarta\transaction\jakarta.transaction-api\1.3.3\jakarta.transaction-api-1.3.3.jar;C:\Users\benav\.m2\repository\org\eclipse\microprofile\context-propagation\microprofile-context-propagation-api\1.2\microprofile-context-propagation-api-1.2.jar;C:\Users\benav\.m2\repository\io\quarkus\quarkus-resteasy-reactive\2.3.0.Final\quarkus-resteasy-reactive-2.3.0.Final.jar;C:\Users\benav\.m2\repository\org\jboss\spec\javax\ws\rs\jboss-jaxrs-api_2.1_spec\2.0.1.Final\jboss-jaxrs-api_2.1_spec-2.0.1.Final.jar;C:\Users\benav\.m2\repository\io\quarkus\quarkus-resteasy-reactive-server-common\2.3.0.Final\quarkus-resteasy-reactive-server-common-2.3.0.Final.jar;C:\Users\benav\.m2\repository\io\quarkus\resteasy\reactive\resteasy-reactive\2.3.0.Final\resteasy-reactive-2.3.0.Final.jar;C:\Users\benav\.m2\repository\io\quarkus\resteasy\reactive\resteasy-reactive-vertx\2.3.0.Final\resteasy-reactive-vertx-2.3.0.Final.jar;C:\Users\benav\.m2\repository\io\quarkus\quarkus-resteasy-reactive-common\2.3.0.Final\quarkus-resteasy-reactive-common-2.3.0.Final.jar;C:\Users\benav\.m2\repository\io\quarkus\resteasy\reactive\resteasy-reactive-common\2.3.0.Final\resteasy-reactive-common-2.3.0.Final.jar;C:\Users\benav\.m2\repository\io\quarkus\quarkus-jsonp\2.3.0.Final\quarkus-jsonp-2.3.0.Final.jar;C:\Users\benav\.m2\repository\org\glassfish\jakarta.json\1.1.6\jakarta.json-1.1.6.jar;C:\Users\benav\.m2\repository\io\quarkus\quarkus-smallrye-health\2.3.0.Final\quarkus-smallrye-health-2.3.0.Final.jar;C:\Users\benav\.m2\repository\io\smallrye\smallrye-health\3.1.1\smallrye-health-3.1.1.jar;C:\Users\benav\.m2\repository\org\eclipse\microprofile\health\microprofile-health-api\3.1\microprofile-health-api-3.1.jar;C:\Users\benav\.m2\repository\io\smallrye\smallrye-health-api\3.1.1\smallrye-health-api-3.1.1.jar;C:\Users\benav\.m2\repository\io\smallrye\smallrye-health-provided-checks\3.1.1\smallrye-health-provided-checks-3.1.1.jar;C:\Users\benav\.m2\repository\io\quarkus\quarkus-openshift\2.3.0.Final\quarkus-openshift-2.3.0.Final.jar;C:\Users\benav\.m2\repository\io\quarkus\quarkus-kubernetes-client-internal\2.3.0.Final\quarkus-kubernetes-client-internal-2.3.0.Final.jar;C:\Users\benav\.m2\repository\io\quarkus\quarkus-container-image-openshift\2.3.0.Final\quarkus-container-image-openshift-2.3.0.Final.jar;C:\Users\benav\.m2\repository\io\quarkus\quarkus-container-image\2.3.0.Final\quarkus-container-image-2.3.0.Final.jar;C:\Users\benav\.m2\repository\io\quarkus\quarkus-kubernetes\2.3.0.Final\quarkus-kubernetes-2.3.0.Final.jar;C:\Users\benav\.m2\repository\io\quarkus\quarkus-micrometer-registry-prometheus\2.3.0.Final\quarkus-micrometer-registry-prometheus-2.3.0.Final.jar;C:\Users\benav\.m2\repository\io\quarkus\quarkus-micrometer\2.3.0.Final\quarkus-micrometer-2.3.0.Final.jar;C:\Users\benav\.m2\repository\io\micrometer\micrometer-core\1.7.4\micrometer-core-1.7.4.jar;C:\Users\benav\.m2\repository\org\hdrhistogram\HdrHistogram\2.1.12\HdrHistogram-2.1.12.jar;C:\Users\benav\.m2\repository\org\latencyutils\LatencyUtils\2.0.3\LatencyUtils-2.0.3.jar;C:\Users\benav\.m2\repository\io\micrometer\micrometer-registry-prometheus\1.7.4\micrometer-registry-prometheus-1.7.4.jar;C:\Users\benav\.m2\repository\io\prometheus\simpleclient_common\0.10.0\simpleclient_common-0.10.0.jar;C:\Users\benav\.m2\repository\io\prometheus\simpleclient\0.10.0\simpleclient-0.10.0.jar;C:\Users\benav\.m2\repository\io\quarkus\quarkus-junit5\2.3.0.Final\quarkus-junit5-2.3.0.Final.jar;C:\Users\benav\.m2\repository\io\quarkus\quarkus-bootstrap-core\2.3.0.Final\quarkus-bootstrap-core-2.3.0.Final.jar;C:\Users\benav\.m2\repository\io\quarkus\quarkus-bootstrap-app-model\2.3.0.Final\quarkus-bootstrap-app-model-2.3.0.Final.jar;C:\Users\benav\.m2\repository\io\quarkus\quarkus-bootstrap-maven-resolver\2.3.0.Final\quarkus-bootstrap-maven-resolver-2.3.0.Final.jar;C:\Users\benav\.m2\repository\org\apache\maven\maven-embedder\3.8.1\maven-embedder-3.8.1.jar;C:\Users\benav\.m2\repository\org\apache\maven\maven-settings\3.8.1\maven-settings-3.8.1.jar;C:\Users\benav\.m2\repository\org\apache\maven\maven-core\3.8.1\maven-core-3.8.1.jar;C:\Users\benav\.m2\repository\org\apache\maven\maven-artifact\3.8.1\maven-artifact-3.8.1.jar;C:\Users\benav\.m2\repository\org\codehaus\plexus\plexus-component-annotations\2.1.0\plexus-component-annotations-2.1.0.jar;C:\Users\benav\.m2\repository\org\apache\maven\maven-plugin-api\3.8.1\maven-plugin-api-3.8.1.jar;C:\Users\benav\.m2\repository\org\apache\maven\maven-model\3.8.1\maven-model-3.8.1.jar;C:\Users\benav\.m2\repository\org\apache\maven\maven-model-builder\3.8.1\maven-model-builder-3.8.1.jar;C:\Users\benav\.m2\repository\org\apache\maven\maven-builder-support\3.8.1\maven-builder-support-3.8.1.jar;C:\Users\benav\.m2\repository\org\apache\maven\resolver\maven-resolver-api\1.6.2\maven-resolver-api-1.6.2.jar;C:\Users\benav\.m2\repository\org\apache\maven\resolver\maven-resolver-util\1.6.2\maven-resolver-util-1.6.2.jar;C:\Users\benav\.m2\repository\org\apache\maven\shared\maven-shared-utils\3.3.3\maven-shared-utils-3.3.3.jar;C:\Users\benav\.m2\repository\commons-io\commons-io\2.11.0\commons-io-2.11.0.jar;C:\Users\benav\.m2\repository\com\google\inject\guice\4.2.1\guice-4.2.1-no_aop.jar;C:\Users\benav\.m2\repository\com\google\guava\guava\30.1.1-jre\guava-30.1.1-jre.jar;C:\Users\benav\.m2\repository\com\google\guava\failureaccess\1.0.1\failureaccess-1.0.1.jar;C:\Users\benav\.m2\repository\com\google\guava\listenablefuture\9999.0-empty-to-avoid-conflict-with-guava\listenablefuture-9999.0-empty-to-avoid-conflict-with-guava.jar;C:\Users\benav\.m2\repository\org\codehaus\plexus\plexus-utils\3.2.1\plexus-utils-3.2.1.jar;C:\Users\benav\.m2\repository\org\codehaus\plexus\plexus-classworlds\2.6.0\plexus-classworlds-2.6.0.jar;C:\Users\benav\.m2\repository\commons-cli\commons-cli\1.4\commons-cli-1.4.jar;C:\Users\benav\.m2\repository\org\eclipse\sisu\org.eclipse.sisu.plexus\0.3.4\org.eclipse.sisu.plexus-0.3.4.jar;C:\Users\benav\.m2\repository\org\apache\maven\maven-settings-builder\3.8.1\maven-settings-builder-3.8.1.jar;C:\Users\benav\.m2\repository\org\codehaus\plexus\plexus-interpolation\1.25\plexus-interpolation-1.25.jar;C:\Users\benav\.m2\repository\org\sonatype\plexus\plexus-sec-dispatcher\1.4\plexus-sec-dispatcher-1.4.jar;C:\Users\benav\.m2\repository\org\sonatype\plexus\plexus-cipher\1.4\plexus-cipher-1.4.jar;C:\Users\benav\.m2\repository\org\apache\maven\maven-resolver-provider\3.8.1\maven-resolver-provider-3.8.1.jar;C:\Users\benav\.m2\repository\org\apache\maven\maven-repository-metadata\3.8.1\maven-repository-metadata-3.8.1.jar;C:\Users\benav\.m2\repository\org\apache\maven\resolver\maven-resolver-spi\1.6.2\maven-resolver-spi-1.6.2.jar;C:\Users\benav\.m2\repository\org\apache\maven\resolver\maven-resolver-impl\1.6.2\maven-resolver-impl-1.6.2.jar;C:\Users\benav\.m2\repository\org\apache\maven\resolver\maven-resolver-connector-basic\1.6.2\maven-resolver-connector-basic-1.6.2.jar;C:\Users\benav\.m2\repository\org\apache\maven\resolver\maven-resolver-transport-wagon\1.6.2\maven-resolver-transport-wagon-1.6.2.jar;C:\Users\benav\.m2\repository\org\apache\maven\wagon\wagon-http\3.4.3\wagon-http-3.4.3.jar;C:\Users\benav\.m2\repository\org\apache\maven\wagon\wagon-http-shared\3.4.3\wagon-http-shared-3.4.3.jar;C:\Users\benav\.m2\repository\org\jsoup\jsoup\1.12.1\jsoup-1.12.1.jar;C:\Users\benav\.m2\repository\org\apache\maven\wagon\wagon-provider-api\3.4.3\wagon-provider-api-3.4.3.jar;C:\Users\benav\.m2\repository\org\apache\maven\wagon\wagon-file\3.4.3\wagon-file-3.4.3.jar;C:\Users\benav\.m2\repository\io\quarkus\quarkus-bootstrap-gradle-resolver\2.3.0.Final\quarkus-bootstrap-gradle-resolver-2.3.0.Final.jar;C:\Users\benav\.m2\repository\io\smallrye\common\smallrye-common-io\1.6.0\smallrye-common-io-1.6.0.jar;C:\Users\benav\.m2\repository\org\eclipse\sisu\org.eclipse.sisu.inject\0.3.4\org.eclipse.sisu.inject-0.3.4.jar;C:\Users\benav\.m2\repository\io\quarkus\quarkus-test-common\2.3.0.Final\quarkus-test-common-2.3.0.Final.jar;C:\Users\benav\.m2\repository\io\quarkus\quarkus-core-deployment\2.3.0.Final\quarkus-core-deployment-2.3.0.Final.jar;C:\Users\benav\.m2\repository\org\aesh\readline\2.1\readline-2.1.jar;C:\Users\benav\.m2\repository\org\fusesource\jansi\jansi\1.18\jansi-1.18.jar;C:\Users\benav\.m2\repository\io\quarkus\gizmo\gizmo\1.0.9.Final\gizmo-1.0.9.Final.jar;C:\Users\benav\.m2\repository\org\ow2\asm\asm-util\9.1\asm-util-9.1.jar;C:\Users\benav\.m2\repository\org\ow2\asm\asm\9.1\asm-9.1.jar;C:\Users\benav\.m2\repository\org\ow2\asm\asm-commons\9.1\asm-commons-9.1.jar;C:\Users\benav\.m2\repository\org\ow2\asm\asm-tree\9.1\asm-tree-9.1.jar;C:\Users\benav\.m2\repository\org\ow2\asm\asm-analysis\9.1\asm-analysis-9.1.jar;C:\Users\benav\.m2\repository\io\quarkus\quarkus-class-change-agent\2.3.0.Final\quarkus-class-change-agent-2.3.0.Final.jar;C:\Users\benav\.m2\repository\io\quarkus\quarkus-devtools-utilities\2.3.0.Final\quarkus-devtools-utilities-2.3.0.Final.jar;C:\Users\benav\.m2\repository\io\quarkus\quarkus-builder\2.3.0.Final\quarkus-builder-2.3.0.Final.jar;C:\Users\benav\.m2\repository\org\junit\platform\junit-platform-launcher\1.8.0\junit-platform-launcher-1.8.0.jar;C:\Users\benav\.m2\repository\io\quarkus\quarkus-jsonp-deployment\2.3.0.Final\quarkus-jsonp-deployment-2.3.0.Final.jar;C:\Users\benav\.m2\repository\org\jboss\logging\commons-logging-jboss-logging\1.0.0.Final\commons-logging-jboss-logging-1.0.0.Final.jar;C:\Users\benav\.m2\repository\org\junit\jupiter\junit-jupiter\5.8.0\junit-jupiter-5.8.0.jar;C:\Users\benav\.m2\repository\org\junit\jupiter\junit-jupiter-api\5.8.0\junit-jupiter-api-5.8.0.jar;C:\Users\benav\.m2\repository\org\opentest4j\opentest4j\1.2.0\opentest4j-1.2.0.jar;C:\Users\benav\.m2\repository\org\junit\platform\junit-platform-commons\1.8.0\junit-platform-commons-1.8.0.jar;C:\Users\benav\.m2\repository\org\apiguardian\apiguardian-api\1.1.2\apiguardian-api-1.1.2.jar;C:\Users\benav\.m2\repository\org\junit\jupiter\junit-jupiter-params\5.8.0\junit-jupiter-params-5.8.0.jar;C:\Users\benav\.m2\repository\org\junit\jupiter\junit-jupiter-engine\5.8.0\junit-jupiter-engine-5.8.0.jar;C:\Users\benav\.m2\repository\org\junit\platform\junit-platform-engine\1.8.0\junit-platform-engine-1.8.0.jar;C:\Users\benav\.m2\repository\com\thoughtworks\xstream\xstream\1.4.18\xstream-1.4.18.jar;C:\Users\benav\.m2\repository\io\github\x-stream\mxparser\1.2.2\mxparser-1.2.2.jar;C:\Users\benav\.m2\repository\xmlpull\xmlpull\1.1.3.1\xmlpull-1.1.3.1.jar;C:\Users\benav\.m2\repository\io\rest-assured\rest-assured\4.4.0\rest-assured-4.4.0.jar;C:\Users\benav\.m2\repository\org\codehaus\groovy\groovy\3.0.8\groovy-3.0.8.jar;C:\Users\benav\.m2\repository\org\codehaus\groovy\groovy-xml\3.0.8\groovy-xml-3.0.8.jar;C:\Users\benav\.m2\repository\org\apache\httpcomponents\httpclient\4.5.13\httpclient-4.5.13.jar;C:\Users\benav\.m2\repository\org\apache\httpcomponents\httpcore\4.4.14\httpcore-4.4.14.jar;C:\Users\benav\.m2\repository\commons-codec\commons-codec\1.15\commons-codec-1.15.jar;C:\Users\benav\.m2\repository\org\apache\httpcomponents\httpmime\4.5.13\httpmime-4.5.13.jar;C:\Users\benav\.m2\repository\org\hamcrest\hamcrest\2.1\hamcrest-2.1.jar;C:\Users\benav\.m2\repository\org\ccil\cowan\tagsoup\tagsoup\1.2.1\tagsoup-1.2.1.jar;C:\Users\benav\.m2\repository\io\rest-assured\json-path\4.4.0\json-path-4.4.0.jar;C:\Users\benav\.m2\repository\org\codehaus\groovy\groovy-json\3.0.8\groovy-json-3.0.8.jar;C:\Users\benav\.m2\repository\io\rest-assured\rest-assured-common\4.4.0\rest-assured-common-4.4.0.jar;C:\Users\benav\.m2\repository\io\rest-assured\xml-path\4.4.0\xml-path-4.4.0.jar;C:\Users\benav\.m2\repository\org\apache\commons\commons-lang3\3.12.0\commons-lang3-3.12.0.jar;C:\Users\benav\.m2\repository\jakarta\xml\bind\jakarta.xml.bind-api\2.3.3\jakarta.xml.bind-api-2.3.3.jar;C:\Users\benav\.m2\repository\com\sun\xml\bind\jaxb-impl\2.3.3\jaxb-impl-2.3.3.jar;"/>
    <property name="sun.cpu.endian" value="little"/>
    <property name="user.home" value="C:\Users\benav"/>
    <property name="user.language" value="es"/>
    <property name="java.specification.vendor" value="Oracle Corporation"/>
    <property name="io.netty.allocator.maxOrder" value="3"/>
    <property name="java.version.date" value="2023-01-17"/>
    <property name="java.home" value="C:\Program Files\Java\jdk-17"/>
    <property name="org.testcontainers.shaded.io.netty.packagePrefix" value="org.testcontainers.shaded."/>
    <property name="file.separator" value="\"/>
    <property name="basedir" value="C:\Users\benav\quarkus\quarkus-super-heroes\rest-heroes"/>
    <property name="java.vm.compressedOopsMode" value="Zero based"/>
    <property name="line.separator" value="&#10;"/>
    <property name="java.vm.specification.vendor" value="Oracle Corporation"/>
    <property name="java.specification.name" value="Java Platform API Specification"/>
    <property name="surefire.real.class.path" value="C:\Users\benav\AppData\Local\Temp\surefire10853733044149053142\surefirebooter13303081994408138085.jar"/>
    <property name="user.script" value=""/>
    <property name="sun.management.compiler" value="HotSpot 64-Bit Tiered Compilers"/>
    <property name="java.runtime.version" value="17.0.6+9-LTS-190"/>
    <property name="user.name" value="benav"/>
    <property name="path.separator" value=";"/>
    <property name="os.version" value="10.0"/>
    <property name="java.runtime.name" value="Java(TM) SE Runtime Environment"/>
    <property name="file.encoding" value="Cp1252"/>
    <property name="sun.nio.ch.bugLevel" value=""/>
    <property name="java.vm.name" value="Java HotSpot(TM) 64-Bit Server VM"/>
    <property name="localRepository" value="C:\Users\benav\.m2\repository"/>
    <property name="java.vendor.url.bug" value="https://bugreport.java.com/bugreport/"/>
    <property name="java.io.tmpdir" value="C:\Users\benav\AppData\Local\Temp\"/>
    <property name="quarkus.log.file.path" value="target\quarkus.log"/>
    <property name="idea.version" value="2022.3.2"/>
    <property name="java.version" value="17.0.6"/>
    <property name="user.dir" value="C:\Users\benav\quarkus\quarkus-super-heroes\rest-heroes"/>
    <property name="os.arch" value="amd64"/>
    <property name="hibernate.bytecode.provider" value="none"/>
    <property name="java.vm.specification.name" value="Java Virtual Machine Specification"/>
    <property name="vertx.disableDnsResolver" value="true"/>
    <property name="sun.os.patch.level" value=""/>
    <property name="native.encoding" value="Cp1252"/>
    <property name="java.util.logging.manager" value="org.jboss.logmanager.LogManager"/>
    <property name="java.library.path" value="C:\Program Files\Java\jdk-17\bin;C:\Windows\Sun\Java\bin;C:\Windows\system32;C:\Windows;%GRAALVM_HOME%;%JAVA_HOME%\bin;C:\Users\benav\OneDrive\Documentos\Nueva carpeta (2)\apache-maven-3.8.8-bin\apache-maven-3.8.8\bin;C:\Users\benav\OneDrive\Documentos\Nueva carpeta\graalvm-ce-java17-windows-amd64-22.3.2\graalvm-ce-java17-22.3.2\bin;C:\Users\benav\OneDrive\Documentos\Arquisot\Monitorias\gradle-6.6-all\gradle-6.6\bin;C:\Program Files\Common Files\Oracle\Java\javapath;C:\Program Files (x86)\Common Files\Oracle\Java\javapath;C:\Windows\system32;C:\Windows;C:\Windows\System32\Wbem;C:\Windows\System32\WindowsPowerShell\v1.0\;C:\Windows\System32\OpenSSH\;C:\Program Files (x86)\NVIDIA Corporation\PhysX\Common;C:\Program Files\NVIDIA Corporation\NVIDIA NvDLISR;C:\Program Files\Microsoft SQL Server\150\Tools\Binn\;C:\Program Files\Microsoft SQL Server\Client SDK\ODBC\170\Tools\Binn\;C:\Program Files (x86)\ZeroTier\One\;C:\Program Files\Git\cmd;C:\Program Files (x86)\Gpg4win\..\GnuPG\bin;C:\Program Files\ZeroC\Ice-3.7.8\bin;C:\Program Files\Docker\Docker\resources\bin;C:\Program Files\dotnet\;C:\Program Files\nodejs\;C:\Program Files\Java\jdk-17\bin;C:\Users\benav\AppData\Local\Programs\Python\Python311\Scripts\;C:\Users\benav\AppData\Local\Programs\Python\Python311\;C:\Program Files (x86)\Microsoft Visual Studio\Shared\Python39_64;C:\Program Files (x86)\Microsoft Visual Studio\Shared\Python39_64\Scripts;C:\Users\benav\AppData\Local\Microsoft\WindowsApps;C:\Users\benav\AppData\Local\GitHubDesktop\bin;C:\Program Files (x86)\Microsoft Visual Studio\Shared\Python39_64\Scripts;C:\Users\benav\AppData\Local\Programs\Microsoft VS Code\bin;C:\Program Files\Java\jdk1.8.0_351\bin;C:\Users\benav\.dotnet\tools;C:\Program Files\PostgreSQL\15\bin;C:\Program Files\Java\jdk1.8.0_351\bin;C:\Users\benav\AppData\Roaming\npm;."/>
    <property name="java.vm.info" value="mixed mode, sharing"/>
    <property name="java.vendor" value="Oracle Corporation"/>
    <property name="vertx.disableTCCL" value="true"/>
    <property name="java.vm.version" value="17.0.6+9-LTS-190"/>
    <property name="sun.io.unicode.encoding" value="UnicodeLittle"/>
    <property name="io.netty.machineId" value="2d:1e:ac:cb:83:f6:e3:ef"/>
    <property name="java.class.version" value="61.0"/>
    <property name="mp.openapi.extensions.smallrye.defaultConsumes" value="application/json"/>
  </properties>
  <testcase name="shouldGetInitialItems" classname="io.quarkus.workshop.superheroes.hero.HeroResourceTest" time="3.668">
    <system-out><![CDATA[2023-06-11 17:01:28,213 INFO  [org.tes.doc.DockerClientProviderStrategy] (build-63) Loaded org.testcontainers.dockerclient.NpipeSocketClientProviderStrategy from ~/.testcontainers.properties, will try it first
2023-06-11 17:01:29,719 INFO  [org.tes.doc.DockerClientProviderStrategy] (build-63) Found Docker environment with local Npipe socket (npipe:////./pipe/docker_engine)
2023-06-11 17:01:29,721 INFO  [org.tes.DockerClientFactory] (build-63) Docker host IP address is localhost
2023-06-11 17:01:29,873 INFO  [org.tes.DockerClientFactory] (build-63) Connected to docker: 
  Server Version: 20.10.24
  API Version: 1.41
  Operating System: Docker Desktop
  Total Memory: 9874 MB
2023-06-11 17:01:29,889 INFO  [org.tes.uti.ImageNameSubstitutor] (build-63) Image name substitution will be performed by: DefaultImageNameSubstitutor (composite of 'ConfigurationFileImageNameSubstitutor' and 'PrefixingImageNameSubstitutor')
2023-06-11 17:01:31,216 INFO  [org.tes.uti.RegistryAuthLocator] (build-63) Credential helper/store (docker-credential-desktop) does not have credentials for index.docker.io
2023-06-11 17:01:39,263 INFO  [org.tes.DockerClientFactory] (build-63) Ryuk started - will monitor and terminate Testcontainers containers on JVM exit
2023-06-11 17:01:39,264 INFO  [org.tes.DockerClientFactory] (build-63) Checking the system...
2023-06-11 17:01:39,265 INFO  [org.tes.DockerClientFactory] (build-63) ?? Docker server version should be at least 1.6.0
2023-06-11 17:01:39,449 INFO  [org.tes.DockerClientFactory] (build-63) ?? Docker environment should have more than 2GB free disk space
2023-06-11 17:01:39,524 INFO  [doc.2]] (build-63) Creating container for image: postgres:13.2
2023-06-11 17:01:39,715 INFO  [doc.2]] (build-63) Starting container with ID: dcad250d0fac2b6d871ad1d800fb6e79c73806685787250ee4cf2f4c6f6a9690
2023-06-11 17:01:41,125 INFO  [doc.2]] (build-63) Container postgres:13.2 is starting: dcad250d0fac2b6d871ad1d800fb6e79c73806685787250ee4cf2f4c6f6a9690
2023-06-11 17:01:45,883 INFO  [doc.2]] (build-63) Container postgres:13.2 started in PT6.3966219S
2023-06-11 17:01:45,883 INFO  [io.qua.dev.pos.dep.PostgresqlDevServicesProcessor] (build-63) Dev Services for PostgreSQL started.
2023-06-11 17:01:45,887 INFO  [io.qua.dat.dep.dev.DevServicesDatasourceProcessor] (build-63) Dev Services for the default datasource (postgresql) started.
2023-06-11 17:01:52,769 INFO  [org.hib.rea.pro.imp.ReactiveIntegrator] (JPA Startup Thread: default-reactive) HR000001: Hibernate Reactive Preview
2023-06-11 17:01:53,986 WARN  [io.ver.sql.imp.SocketConnectionBase] (vert.x-eventloop-thread-0) Backend notice: severity='NOTICE', code='00000', message='table "hero" does not exist, skipping', detail='null', hint='null', position='null', internalPosition='null', internalQuery='null', where='null', file='tablecmds.c', line='1217', routine='DropErrorMsgNonExistent', schema='null', table='null', column='null', dataType='null', constraint='null'
2023-06-11 17:01:54,034 WARN  [io.ver.sql.imp.SocketConnectionBase] (vert.x-eventloop-thread-0) Backend notice: severity='NOTICE', code='00000', message='sequence "hibernate_sequence" does not exist, skipping', detail='null', hint='null', position='null', internalPosition='null', internalQuery='null', where='null', file='tablecmds.c', line='1217', routine='DropErrorMsgNonExistent', schema='null', table='null', column='null', dataType='null', constraint='null'
2023-06-11 17:01:54,426 WARN  [io.ver.sql.imp.SocketConnectionBase] (vert.x-eventloop-thread-0) Backend notice: severity='NOTICE', code='00000', message='table "hero" does not exist, skipping', detail='null', hint='null', position='null', internalPosition='null', internalQuery='null', where='null', file='tablecmds.c', line='1217', routine='DropErrorMsgNonExistent', schema='null', table='null', column='null', dataType='null', constraint='null'
2023-06-11 17:01:54,434 WARN  [io.ver.sql.imp.SocketConnectionBase] (vert.x-eventloop-thread-0) Backend notice: severity='NOTICE', code='00000', message='sequence "hibernate_sequence" does not exist, skipping', detail='null', hint='null', position='null', internalPosition='null', internalQuery='null', where='null', file='tablecmds.c', line='1217', routine='DropErrorMsgNonExistent', schema='null', table='null', column='null', dataType='null', constraint='null'
2023-06-11 17:02:01,231 INFO  [io.quarkus] (main) Quarkus 2.3.0.Final on JVM started in 43.364s. Listening on: http://localhost:8081
2023-06-11 17:02:01,233 INFO  [io.quarkus] (main) Profile test activated. 
2023-06-11 17:02:01,233 INFO  [io.quarkus] (main) Installed features: [cdi, hibernate-orm, hibernate-reactive, hibernate-reactive-panache, hibernate-validator, kubernetes, micrometer, reactive-pg-client, resteasy-reactive, resteasy-reactive-jackson, smallrye-context-propagation, smallrye-health, smallrye-openapi, swagger-ui, vertx]
]]></system-out>
  </testcase>
  <testcase name="shouldAddAnItem" classname="io.quarkus.workshop.superheroes.hero.HeroResourceTest" time="2.094"/>
  <testcase name="shouldUpdateAnItem" classname="io.quarkus.workshop.superheroes.hero.HeroResourceTest" time="0.353"/>
  <testcase name="shouldRemoveAnItem" classname="io.quarkus.workshop.superheroes.hero.HeroResourceTest" time="0.305"/>
  <testcase name="shouldGetRandomHero" classname="io.quarkus.workshop.superheroes.hero.HeroResourceTest" time="0.039"/>
  <testcase name="shouldNotAddInvalidItem" classname="io.quarkus.workshop.superheroes.hero.HeroResourceTest" time="0.055"/>
  <testcase name="shouldNotGetUnknownHero" classname="io.quarkus.workshop.superheroes.hero.HeroResourceTest" time="0.037"/>
  <testcase name="testHelloEndpoint" classname="io.quarkus.workshop.superheroes.hero.HeroResourceTest" time="0.029"/>
  <testcase name="shouldPingOpenAPI" classname="io.quarkus.workshop.superheroes.hero.HeroResourceTest" time="0.144"/>
</testsuite>